Analysis & Synthesis report for lcd_controller
Thu Dec 05 20:45:29 2024
Quartus Prime Version 20.1.1 Build 720 11/11/2020 SJ Lite Edition


---------------------
; Table of Contents ;
---------------------
  1. Legal Notice
  2. Analysis & Synthesis Summary
  3. Analysis & Synthesis Settings
  4. Parallel Compilation
  5. Analysis & Synthesis Source Files Read
  6. Analysis & Synthesis Resource Usage Summary
  7. Analysis & Synthesis Resource Utilization by Entity
  8. State Machine - |lcd_controller|state
  9. Registers Removed During Synthesis
 10. General Register Statistics
 11. Multiplexer Restructuring Statistics (Restructuring Performed)
 12. Parameter Settings for User Entity Instance: Top-level Entity: |lcd_controller
 13. Post-Synthesis Netlist Statistics for Top Partition
 14. Elapsed Time Per Partition
 15. Analysis & Synthesis Messages



----------------
; Legal Notice ;
----------------
Copyright (C) 2020  Intel Corporation. All rights reserved.
Your use of Intel Corporation's design tools, logic functions 
and other software and tools, and any partner logic 
functions, and any output files from any of the foregoing 
(including device programming or simulation files), and any 
associated documentation or information are expressly subject 
to the terms and conditions of the Intel Program License 
Subscription Agreement, the Intel Quartus Prime License Agreement,
the Intel FPGA IP License Agreement, or other applicable license
agreement, including, without limitation, that your use is for
the sole purpose of programming logic devices manufactured by
Intel and sold by Intel or its authorized distributors.  Please
refer to the applicable agreement for further details, at
https://fpgasoftware.intel.com/eula.



+-------------------------------------------------------------------------------+
; Analysis & Synthesis Summary                                                  ;
+---------------------------------+---------------------------------------------+
; Analysis & Synthesis Status     ; Successful - Thu Dec 05 20:45:29 2024       ;
; Quartus Prime Version           ; 20.1.1 Build 720 11/11/2020 SJ Lite Edition ;
; Revision Name                   ; lcd_controller                              ;
; Top-level Entity Name           ; lcd_controller                              ;
; Family                          ; Cyclone V                                   ;
; Logic utilization (in ALMs)     ; N/A                                         ;
; Total registers                 ; 71                                          ;
; Total pins                      ; 142                                         ;
; Total virtual pins              ; 0                                           ;
; Total block memory bits         ; 0                                           ;
; Total DSP Blocks                ; 0                                           ;
; Total HSSI RX PCSs              ; 0                                           ;
; Total HSSI PMA RX Deserializers ; 0                                           ;
; Total HSSI TX PCSs              ; 0                                           ;
; Total HSSI PMA TX Serializers   ; 0                                           ;
; Total PLLs                      ; 0                                           ;
; Total DLLs                      ; 0                                           ;
+---------------------------------+---------------------------------------------+


+---------------------------------------------------------------------------------------------------------------------------+
; Analysis & Synthesis Settings                                                                                             ;
+---------------------------------------------------------------------------------+--------------------+--------------------+
; Option                                                                          ; Setting            ; Default Value      ;
+---------------------------------------------------------------------------------+--------------------+--------------------+
; Device                                                                          ; 5CGXFC7C7F23C8     ;                    ;
; Top-level entity name                                                           ; lcd_controller     ; lcd_controller     ;
; Family name                                                                     ; Cyclone V          ; Cyclone V          ;
; Use smart compilation                                                           ; Off                ; Off                ;
; Enable parallel Assembler and Timing Analyzer during compilation                ; On                 ; On                 ;
; Enable compact report table                                                     ; Off                ; Off                ;
; Restructure Multiplexers                                                        ; Auto               ; Auto               ;
; MLAB Add Timing Constraints For Mixed-Port Feed-Through Mode Setting Don't Care ; Off                ; Off                ;
; Create Debugging Nodes for IP Cores                                             ; Off                ; Off                ;
; Preserve fewer node names                                                       ; On                 ; On                 ;
; Intel FPGA IP Evaluation Mode                                                   ; Enable             ; Enable             ;
; Verilog Version                                                                 ; Verilog_2001       ; Verilog_2001       ;
; VHDL Version                                                                    ; VHDL_1993          ; VHDL_1993          ;
; State Machine Processing                                                        ; Auto               ; Auto               ;
; Safe State Machine                                                              ; Off                ; Off                ;
; Extract Verilog State Machines                                                  ; On                 ; On                 ;
; Extract VHDL State Machines                                                     ; On                 ; On                 ;
; Ignore Verilog initial constructs                                               ; Off                ; Off                ;
; Iteration limit for constant Verilog loops                                      ; 5000               ; 5000               ;
; Iteration limit for non-constant Verilog loops                                  ; 250                ; 250                ;
; Add Pass-Through Logic to Inferred RAMs                                         ; On                 ; On                 ;
; Infer RAMs from Raw Logic                                                       ; On                 ; On                 ;
; Parallel Synthesis                                                              ; On                 ; On                 ;
; DSP Block Balancing                                                             ; Auto               ; Auto               ;
; NOT Gate Push-Back                                                              ; On                 ; On                 ;
; Power-Up Don't Care                                                             ; On                 ; On                 ;
; Remove Redundant Logic Cells                                                    ; Off                ; Off                ;
; Remove Duplicate Registers                                                      ; On                 ; On                 ;
; Ignore CARRY Buffers                                                            ; Off                ; Off                ;
; Ignore CASCADE Buffers                                                          ; Off                ; Off                ;
; Ignore GLOBAL Buffers                                                           ; Off                ; Off                ;
; Ignore ROW GLOBAL Buffers                                                       ; Off                ; Off                ;
; Ignore LCELL Buffers                                                            ; Off                ; Off                ;
; Ignore SOFT Buffers                                                             ; On                 ; On                 ;
; Limit AHDL Integers to 32 Bits                                                  ; Off                ; Off                ;
; Optimization Technique                                                          ; Balanced           ; Balanced           ;
; Carry Chain Length                                                              ; 70                 ; 70                 ;
; Auto Carry Chains                                                               ; On                 ; On                 ;
; Auto Open-Drain Pins                                                            ; On                 ; On                 ;
; Perform WYSIWYG Primitive Resynthesis                                           ; Off                ; Off                ;
; Auto ROM Replacement                                                            ; On                 ; On                 ;
; Auto RAM Replacement                                                            ; On                 ; On                 ;
; Auto DSP Block Replacement                                                      ; On                 ; On                 ;
; Auto Shift Register Replacement                                                 ; Auto               ; Auto               ;
; Allow Shift Register Merging across Hierarchies                                 ; Auto               ; Auto               ;
; Auto Clock Enable Replacement                                                   ; On                 ; On                 ;
; Strict RAM Replacement                                                          ; Off                ; Off                ;
; Allow Synchronous Control Signals                                               ; On                 ; On                 ;
; Force Use of Synchronous Clear Signals                                          ; Off                ; Off                ;
; Auto Resource Sharing                                                           ; Off                ; Off                ;
; Allow Any RAM Size For Recognition                                              ; Off                ; Off                ;
; Allow Any ROM Size For Recognition                                              ; Off                ; Off                ;
; Allow Any Shift Register Size For Recognition                                   ; Off                ; Off                ;
; Use LogicLock Constraints during Resource Balancing                             ; On                 ; On                 ;
; Ignore translate_off and synthesis_off directives                               ; Off                ; Off                ;
; Timing-Driven Synthesis                                                         ; On                 ; On                 ;
; Report Parameter Settings                                                       ; On                 ; On                 ;
; Report Source Assignments                                                       ; On                 ; On                 ;
; Report Connectivity Checks                                                      ; On                 ; On                 ;
; Ignore Maximum Fan-Out Assignments                                              ; Off                ; Off                ;
; Synchronization Register Chain Length                                           ; 3                  ; 3                  ;
; Power Optimization During Synthesis                                             ; Normal compilation ; Normal compilation ;
; HDL message level                                                               ; Level2             ; Level2             ;
; Suppress Register Optimization Related Messages                                 ; Off                ; Off                ;
; Number of Removed Registers Reported in Synthesis Report                        ; 5000               ; 5000               ;
; Number of Swept Nodes Reported in Synthesis Report                              ; 5000               ; 5000               ;
; Number of Inverted Registers Reported in Synthesis Report                       ; 100                ; 100                ;
; Clock MUX Protection                                                            ; On                 ; On                 ;
; Auto Gated Clock Conversion                                                     ; Off                ; Off                ;
; Block Design Naming                                                             ; Auto               ; Auto               ;
; SDC constraint protection                                                       ; Off                ; Off                ;
; Synthesis Effort                                                                ; Auto               ; Auto               ;
; Shift Register Replacement - Allow Asynchronous Clear Signal                    ; On                 ; On                 ;
; Pre-Mapping Resynthesis Optimization                                            ; Off                ; Off                ;
; Analysis & Synthesis Message Level                                              ; Medium             ; Medium             ;
; Disable Register Merging Across Hierarchies                                     ; Auto               ; Auto               ;
; Resource Aware Inference For Block RAM                                          ; On                 ; On                 ;
; Automatic Parallel Synthesis                                                    ; On                 ; On                 ;
; Partial Reconfiguration Bitstream ID                                            ; Off                ; Off                ;
+---------------------------------------------------------------------------------+--------------------+--------------------+


+------------------------------------------+
; Parallel Compilation                     ;
+----------------------------+-------------+
; Processors                 ; Number      ;
+----------------------------+-------------+
; Number detected on machine ; 8           ;
; Maximum allowed            ; 4           ;
;                            ;             ;
; Average used               ; 1.00        ;
; Maximum used               ; 4           ;
;                            ;             ;
; Usage by Processor         ; % Time Used ;
;     Processor 1            ; 100.0%      ;
;     Processors 2-4         ;   0.0%      ;
+----------------------------+-------------+


+------------------------------------------------------------------------------------------------------------------------------------------------------+
; Analysis & Synthesis Source Files Read                                                                                                               ;
+----------------------------------+-----------------+------------------------+--------------------------------------------------------------+---------+
; File Name with User-Entered Path ; Used in Netlist ; File Type              ; File Name with Absolute Path                                 ; Library ;
+----------------------------------+-----------------+------------------------+--------------------------------------------------------------+---------+
; lcd_controller.v                 ; yes             ; User Verilog HDL File  ; C:/LCDL_project/term_project/lcd_controller/lcd_controller.v ;         ;
+----------------------------------+-----------------+------------------------+--------------------------------------------------------------+---------+


+---------------------------------------------------------+
; Analysis & Synthesis Resource Usage Summary             ;
+---------------------------------------------+-----------+
; Resource                                    ; Usage     ;
+---------------------------------------------+-----------+
; Estimate of Logic utilization (ALMs needed) ; 106       ;
;                                             ;           ;
; Combinational ALUT usage for logic          ; 156       ;
;     -- 7 input functions                    ; 0         ;
;     -- 6 input functions                    ; 55        ;
;     -- 5 input functions                    ; 28        ;
;     -- 4 input functions                    ; 16        ;
;     -- <=3 input functions                  ; 57        ;
;                                             ;           ;
; Dedicated logic registers                   ; 71        ;
;                                             ;           ;
; I/O pins                                    ; 142       ;
;                                             ;           ;
; Total DSP Blocks                            ; 0         ;
;                                             ;           ;
; Maximum fan-out node                        ; clk~input ;
; Maximum fan-out                             ; 71        ;
; Total fan-out                               ; 1060      ;
; Average fan-out                             ; 2.07      ;
+---------------------------------------------+-----------+


+-------------------------------------------------------------------------------------------------------------------------------------------------------------------------------------------+
; Analysis & Synthesis Resource Utilization by Entity                                                                                                                                       ;
+----------------------------+---------------------+---------------------------+-------------------+------------+------+--------------+---------------------+----------------+--------------+
; Compilation Hierarchy Node ; Combinational ALUTs ; Dedicated Logic Registers ; Block Memory Bits ; DSP Blocks ; Pins ; Virtual Pins ; Full Hierarchy Name ; Entity Name    ; Library Name ;
+----------------------------+---------------------+---------------------------+-------------------+------------+------+--------------+---------------------+----------------+--------------+
; |lcd_controller            ; 156 (156)           ; 71 (71)                   ; 0                 ; 0          ; 142  ; 0            ; |lcd_controller     ; lcd_controller ; work         ;
+----------------------------+---------------------+---------------------------+-------------------+------------+------+--------------+---------------------+----------------+--------------+
Note: For table entries with two numbers listed, the numbers in parentheses indicate the number of resources of the given type used by the specific entity alone. The numbers listed outside of parentheses indicate the total resources of the given type used by the specific entity and all of its sub-entities in the hierarchy.


Encoding Type:  One-Hot
+-------------------------------------------------------------------------------------------------------+
; State Machine - |lcd_controller|state                                                                 ;
+------------+------------+------------+------------+------------+------------+------------+------------+
; Name       ; state.0110 ; state.0101 ; state.0100 ; state.0011 ; state.0010 ; state.0001 ; state.0000 ;
+------------+------------+------------+------------+------------+------------+------------+------------+
; state.0000 ; 0          ; 0          ; 0          ; 0          ; 0          ; 0          ; 0          ;
; state.0001 ; 0          ; 0          ; 0          ; 0          ; 0          ; 1          ; 1          ;
; state.0010 ; 0          ; 0          ; 0          ; 0          ; 1          ; 0          ; 1          ;
; state.0011 ; 0          ; 0          ; 0          ; 1          ; 0          ; 0          ; 1          ;
; state.0100 ; 0          ; 0          ; 1          ; 0          ; 0          ; 0          ; 1          ;
; state.0101 ; 0          ; 1          ; 0          ; 0          ; 0          ; 0          ; 1          ;
; state.0110 ; 1          ; 0          ; 0          ; 0          ; 0          ; 0          ; 1          ;
+------------+------------+------------+------------+------------+------------+------------+------------+


+--------------------------------------------------------------------------------+
; Registers Removed During Synthesis                                             ;
+---------------------------------------+----------------------------------------+
; Register name                         ; Reason for Removal                     ;
+---------------------------------------+----------------------------------------+
; state~11                              ; Lost fanout                            ;
; state~12                              ; Lost fanout                            ;
; state~13                              ; Lost fanout                            ;
; state~14                              ; Lost fanout                            ;
; lcd_rw~reg0                           ; Stuck at GND due to stuck port data_in ;
; Total Number of Removed Registers = 5 ;                                        ;
+---------------------------------------+----------------------------------------+


+------------------------------------------------------+
; General Register Statistics                          ;
+----------------------------------------------+-------+
; Statistic                                    ; Value ;
+----------------------------------------------+-------+
; Total registers                              ; 71    ;
; Number of registers using Synchronous Clear  ; 2     ;
; Number of registers using Synchronous Load   ; 1     ;
; Number of registers using Asynchronous Clear ; 62    ;
; Number of registers using Asynchronous Load  ; 0     ;
; Number of registers using Clock Enable       ; 48    ;
; Number of registers using Preset             ; 0     ;
+----------------------------------------------+-------+


+------------------------------------------------------------------------------------------------------------------------------------------------+
; Multiplexer Restructuring Statistics (Restructuring Performed)                                                                                 ;
+--------------------+-----------+---------------+----------------------+------------------------+------------+----------------------------------+
; Multiplexer Inputs ; Bus Width ; Baseline Area ; Area if Restructured ; Saving if Restructured ; Registered ; Example Multiplexer Output       ;
+--------------------+-----------+---------------+----------------------+------------------------+------------+----------------------------------+
; 5:1                ; 5 bits    ; 15 LEs        ; 5 LEs                ; 10 LEs                 ; Yes        ; |lcd_controller|char_index[0]    ;
; 7:1                ; 9 bits    ; 36 LEs        ; 9 LEs                ; 27 LEs                 ; Yes        ; |lcd_controller|delay_counter[1] ;
; 22:1               ; 3 bits    ; 42 LEs        ; 36 LEs               ; 6 LEs                  ; Yes        ; |lcd_controller|lcd_data[0]~reg0 ;
; 22:1               ; 4 bits    ; 56 LEs        ; 48 LEs               ; 8 LEs                  ; Yes        ; |lcd_controller|lcd_data[1]~reg0 ;
; 9:1                ; 7 bits    ; 42 LEs        ; 14 LEs               ; 28 LEs                 ; Yes        ; |lcd_controller|delay_counter[5] ;
; 6:1                ; 2 bits    ; 8 LEs         ; 4 LEs                ; 4 LEs                  ; No         ; |lcd_controller|Selector31       ;
+--------------------+-----------+---------------+----------------------+------------------------+------------+----------------------------------+


+--------------------------------------------------------------------------------+
; Parameter Settings for User Entity Instance: Top-level Entity: |lcd_controller ;
+----------------+-------+-------------------------------------------------------+
; Parameter Name ; Value ; Type                                                  ;
+----------------+-------+-------------------------------------------------------+
; DELAY          ; 50000 ; Signed Integer                                        ;
+----------------+-------+-------------------------------------------------------+
Note: In order to hide this table in the UI and the text report file, please set the "Show Parameter Settings in Synthesis Report" option in "Analysis and Synthesis Settings -> More Settings" to "Off".


+-----------------------------------------------------+
; Post-Synthesis Netlist Statistics for Top Partition ;
+-----------------------+-----------------------------+
; Type                  ; Count                       ;
+-----------------------+-----------------------------+
; arriav_ff             ; 71                          ;
;     CLR               ; 23                          ;
;     ENA               ; 6                           ;
;     ENA CLR           ; 39                          ;
;     ENA SCLR          ; 2                           ;
;     ENA SLD           ; 1                           ;
; arriav_lcell_comb     ; 157                         ;
;     arith             ; 47                          ;
;         1 data inputs ; 46                          ;
;         2 data inputs ; 1                           ;
;     normal            ; 110                         ;
;         0 data inputs ; 1                           ;
;         1 data inputs ; 1                           ;
;         2 data inputs ; 3                           ;
;         3 data inputs ; 6                           ;
;         4 data inputs ; 16                          ;
;         5 data inputs ; 28                          ;
;         6 data inputs ; 55                          ;
; boundary_port         ; 142                         ;
;                       ;                             ;
; Max LUT depth         ; 4.00                        ;
; Average LUT depth     ; 2.94                        ;
+-----------------------+-----------------------------+


+-------------------------------+
; Elapsed Time Per Partition    ;
+----------------+--------------+
; Partition Name ; Elapsed Time ;
+----------------+--------------+
; Top            ; 00:00:00     ;
+----------------+--------------+


+-------------------------------+
; Analysis & Synthesis Messages ;
+-------------------------------+
Info: *******************************************************************
Info: Running Quartus Prime Analysis & Synthesis
    Info: Version 20.1.1 Build 720 11/11/2020 SJ Lite Edition
    Info: Processing started: Thu Dec 05 20:45:20 2024
Info: Command: quartus_map --read_settings_files=on --write_settings_files=off lcd_controller -c lcd_controller
Warning (18236): Number of processors has not been specified which may cause overloading on shared machines.  Set the global assignment NUM_PARALLEL_PROCESSORS in your QSF to an appropriate value for best performance.
Info (20030): Parallel compilation is enabled and will use 4 of the 4 processors detected
Info (12021): Found 1 design units, including 1 entities, in source file lcd_controller.v
    Info (12023): Found entity 1: lcd_controller File: C:/LCDL_project/term_project/lcd_controller/lcd_controller.v Line: 1
Info (12127): Elaborating entity "lcd_controller" for the top level hierarchy
Warning (10230): Verilog HDL assignment warning at lcd_controller.v(90): truncated value with size 32 to match size of target (16) File: C:/LCDL_project/term_project/lcd_controller/lcd_controller.v Line: 90
Warning (10230): Verilog HDL assignment warning at lcd_controller.v(93): truncated value with size 32 to match size of target (16) File: C:/LCDL_project/term_project/lcd_controller/lcd_controller.v Line: 93
Warning (10230): Verilog HDL assignment warning at lcd_controller.v(106): truncated value with size 32 to match size of target (16) File: C:/LCDL_project/term_project/lcd_controller/lcd_controller.v Line: 106
Warning (10230): Verilog HDL assignment warning at lcd_controller.v(123): truncated value with size 32 to match size of target (16) File: C:/LCDL_project/term_project/lcd_controller/lcd_controller.v Line: 123
Warning (10230): Verilog HDL assignment warning at lcd_controller.v(126): truncated value with size 32 to match size of target (16) File: C:/LCDL_project/term_project/lcd_controller/lcd_controller.v Line: 126
Warning (10230): Verilog HDL assignment warning at lcd_controller.v(136): truncated value with size 32 to match size of target (16) File: C:/LCDL_project/term_project/lcd_controller/lcd_controller.v Line: 136
Warning (10230): Verilog HDL assignment warning at lcd_controller.v(147): truncated value with size 32 to match size of target (16) File: C:/LCDL_project/term_project/lcd_controller/lcd_controller.v Line: 147
Warning (10230): Verilog HDL assignment warning at lcd_controller.v(150): truncated value with size 32 to match size of target (16) File: C:/LCDL_project/term_project/lcd_controller/lcd_controller.v Line: 150
Warning (10230): Verilog HDL assignment warning at lcd_controller.v(160): truncated value with size 32 to match size of target (5) File: C:/LCDL_project/term_project/lcd_controller/lcd_controller.v Line: 160
Warning (10230): Verilog HDL assignment warning at lcd_controller.v(163): truncated value with size 32 to match size of target (16) File: C:/LCDL_project/term_project/lcd_controller/lcd_controller.v Line: 163
Warning (10030): Net "init_commands.data_a" at lcd_controller.v(28) has no driver or initial value, using a default initial value '0' File: C:/LCDL_project/term_project/lcd_controller/lcd_controller.v Line: 28
Warning (10030): Net "init_commands.waddr_a" at lcd_controller.v(28) has no driver or initial value, using a default initial value '0' File: C:/LCDL_project/term_project/lcd_controller/lcd_controller.v Line: 28
Warning (10030): Net "init_commands.we_a" at lcd_controller.v(28) has no driver or initial value, using a default initial value '0' File: C:/LCDL_project/term_project/lcd_controller/lcd_controller.v Line: 28
Info (276014): Found 1 instances of uninferred RAM logic
    Info (276004): RAM logic "init_commands" is uninferred due to inappropriate RAM size File: C:/LCDL_project/term_project/lcd_controller/lcd_controller.v Line: 28
Critical Warning (127005): Memory depth (4) in the design file differs from memory depth (3) in the Memory Initialization File "C:/LCDL_project/term_project/lcd_controller/db/lcd_controller.ram0_lcd_controller_a81e8b8a.hdl.mif" -- setting initial value for remaining addresses to 0
Warning (13024): Output pins are stuck at VCC or GND
    Warning (13410): Pin "lcd_rw" is stuck at GND File: C:/LCDL_project/term_project/lcd_controller/lcd_controller.v Line: 22
Info (286030): Timing-Driven Synthesis is running
Info (17049): 4 registers lost all their fanouts during netlist optimizations.
Info (16010): Generating hard_block partition "hard_block:auto_generated_inst"
    Info (16011): Adding 0 node(s), including 0 DDIO, 0 PLL, 0 transceiver and 0 LCELL
Info (21057): Implemented 300 device resources after synthesis - the final resource count might be different
    Info (21058): Implemented 131 input pins
    Info (21059): Implemented 11 output pins
    Info (21061): Implemented 158 logic cells
Info: Quartus Prime Analysis & Synthesis was successful. 0 errors, 17 warnings
    Info: Peak virtual memory: 4824 megabytes
    Info: Processing ended: Thu Dec 05 20:45:29 2024
    Info: Elapsed time: 00:00:09
    Info: Total CPU time (on all processors): 00:00:09


