Analysis & Synthesis report for Password
Thu Dec 05 21:41:25 2024
Quartus Prime Version 20.1.1 Build 720 11/11/2020 SJ Lite Edition


---------------------
; Table of Contents ;
---------------------
  1. Legal Notice
  2. Analysis & Synthesis Summary
  3. Analysis & Synthesis Settings
  4. Parallel Compilation
  5. Analysis & Synthesis Source Files Read
  6. Analysis & Synthesis Resource Usage Summary
  7. Analysis & Synthesis Resource Utilization by Entity
  8. General Register Statistics
  9. Inverted Register Statistics
 10. Parameter Settings for Inferred Entity Instance: RandomNumberGenerator:rng_inst|lpm_divide:Mod0
 11. Parameter Settings for Inferred Entity Instance: RandomNumberGenerator:rng_inst|lpm_divide:Mod1
 12. Parameter Settings for Inferred Entity Instance: RandomNumberGenerator:rng_inst|lpm_divide:Mod2
 13. Parameter Settings for Inferred Entity Instance: RandomNumberGenerator:rng_inst|lpm_divide:Mod3
 14. Parameter Settings for Inferred Entity Instance: RandomNumberGenerator:rng_inst|lpm_divide:Mod4
 15. Parameter Settings for Inferred Entity Instance: RandomNumberGenerator:rng_inst|lpm_divide:Mod5
 16. Parameter Settings for Inferred Entity Instance: RandomNumberGenerator:rng_inst|lpm_divide:Mod6
 17. Parameter Settings for Inferred Entity Instance: RandomNumberGenerator:rng_inst|lpm_divide:Mod7
 18. Parameter Settings for Inferred Entity Instance: RandomNumberGenerator:rng_inst|lpm_divide:Mod8
 19. Parameter Settings for Inferred Entity Instance: RandomNumberGenerator:rng_inst|lpm_divide:Mod9
 20. Post-Synthesis Netlist Statistics for Top Partition
 21. Elapsed Time Per Partition
 22. Analysis & Synthesis Messages
 23. Analysis & Synthesis Suppressed Messages



----------------
; Legal Notice ;
----------------
Copyright (C) 2020  Intel Corporation. All rights reserved.
Your use of Intel Corporation's design tools, logic functions 
and other software and tools, and any partner logic 
functions, and any output files from any of the foregoing 
(including device programming or simulation files), and any 
associated documentation or information are expressly subject 
to the terms and conditions of the Intel Program License 
Subscription Agreement, the Intel Quartus Prime License Agreement,
the Intel FPGA IP License Agreement, or other applicable license
agreement, including, without limitation, that your use is for
the sole purpose of programming logic devices manufactured by
Intel and sold by Intel or its authorized distributors.  Please
refer to the applicable agreement for further details, at
https://fpgasoftware.intel.com/eula.



+-------------------------------------------------------------------------------+
; Analysis & Synthesis Summary                                                  ;
+---------------------------------+---------------------------------------------+
; Analysis & Synthesis Status     ; Successful - Thu Dec 05 21:41:25 2024       ;
; Quartus Prime Version           ; 20.1.1 Build 720 11/11/2020 SJ Lite Edition ;
; Revision Name                   ; Password                                    ;
; Top-level Entity Name           ; Password                                    ;
; Family                          ; Cyclone V                                   ;
; Logic utilization (in ALMs)     ; N/A                                         ;
; Total registers                 ; 55                                          ;
; Total pins                      ; 43                                          ;
; Total virtual pins              ; 0                                           ;
; Total block memory bits         ; 0                                           ;
; Total DSP Blocks                ; 0                                           ;
; Total HSSI RX PCSs              ; 0                                           ;
; Total HSSI PMA RX Deserializers ; 0                                           ;
; Total HSSI TX PCSs              ; 0                                           ;
; Total HSSI PMA TX Serializers   ; 0                                           ;
; Total PLLs                      ; 0                                           ;
; Total DLLs                      ; 0                                           ;
+---------------------------------+---------------------------------------------+


+---------------------------------------------------------------------------------------------------------------------------+
; Analysis & Synthesis Settings                                                                                             ;
+---------------------------------------------------------------------------------+--------------------+--------------------+
; Option                                                                          ; Setting            ; Default Value      ;
+---------------------------------------------------------------------------------+--------------------+--------------------+
; Device                                                                          ; 5CGXFC7C7F23C8     ;                    ;
; Top-level entity name                                                           ; Password           ; Password           ;
; Family name                                                                     ; Cyclone V          ; Cyclone V          ;
; Use smart compilation                                                           ; Off                ; Off                ;
; Enable parallel Assembler and Timing Analyzer during compilation                ; On                 ; On                 ;
; Enable compact report table                                                     ; Off                ; Off                ;
; Restructure Multiplexers                                                        ; Auto               ; Auto               ;
; MLAB Add Timing Constraints For Mixed-Port Feed-Through Mode Setting Don't Care ; Off                ; Off                ;
; Create Debugging Nodes for IP Cores                                             ; Off                ; Off                ;
; Preserve fewer node names                                                       ; On                 ; On                 ;
; Intel FPGA IP Evaluation Mode                                                   ; Enable             ; Enable             ;
; Verilog Version                                                                 ; Verilog_2001       ; Verilog_2001       ;
; VHDL Version                                                                    ; VHDL_1993          ; VHDL_1993          ;
; State Machine Processing                                                        ; Auto               ; Auto               ;
; Safe State Machine                                                              ; Off                ; Off                ;
; Extract Verilog State Machines                                                  ; On                 ; On                 ;
; Extract VHDL State Machines                                                     ; On                 ; On                 ;
; Ignore Verilog initial constructs                                               ; Off                ; Off                ;
; Iteration limit for constant Verilog loops                                      ; 5000               ; 5000               ;
; Iteration limit for non-constant Verilog loops                                  ; 250                ; 250                ;
; Add Pass-Through Logic to Inferred RAMs                                         ; On                 ; On                 ;
; Infer RAMs from Raw Logic                                                       ; On                 ; On                 ;
; Parallel Synthesis                                                              ; On                 ; On                 ;
; DSP Block Balancing                                                             ; Auto               ; Auto               ;
; NOT Gate Push-Back                                                              ; On                 ; On                 ;
; Power-Up Don't Care                                                             ; On                 ; On                 ;
; Remove Redundant Logic Cells                                                    ; Off                ; Off                ;
; Remove Duplicate Registers                                                      ; On                 ; On                 ;
; Ignore CARRY Buffers                                                            ; Off                ; Off                ;
; Ignore CASCADE Buffers                                                          ; Off                ; Off                ;
; Ignore GLOBAL Buffers                                                           ; Off                ; Off                ;
; Ignore ROW GLOBAL Buffers                                                       ; Off                ; Off                ;
; Ignore LCELL Buffers                                                            ; Off                ; Off                ;
; Ignore SOFT Buffers                                                             ; On                 ; On                 ;
; Limit AHDL Integers to 32 Bits                                                  ; Off                ; Off                ;
; Optimization Technique                                                          ; Balanced           ; Balanced           ;
; Carry Chain Length                                                              ; 70                 ; 70                 ;
; Auto Carry Chains                                                               ; On                 ; On                 ;
; Auto Open-Drain Pins                                                            ; On                 ; On                 ;
; Perform WYSIWYG Primitive Resynthesis                                           ; Off                ; Off                ;
; Auto ROM Replacement                                                            ; On                 ; On                 ;
; Auto RAM Replacement                                                            ; On                 ; On                 ;
; Auto DSP Block Replacement                                                      ; On                 ; On                 ;
; Auto Shift Register Replacement                                                 ; Auto               ; Auto               ;
; Allow Shift Register Merging across Hierarchies                                 ; Auto               ; Auto               ;
; Auto Clock Enable Replacement                                                   ; On                 ; On                 ;
; Strict RAM Replacement                                                          ; Off                ; Off                ;
; Allow Synchronous Control Signals                                               ; On                 ; On                 ;
; Force Use of Synchronous Clear Signals                                          ; Off                ; Off                ;
; Auto Resource Sharing                                                           ; Off                ; Off                ;
; Allow Any RAM Size For Recognition                                              ; Off                ; Off                ;
; Allow Any ROM Size For Recognition                                              ; Off                ; Off                ;
; Allow Any Shift Register Size For Recognition                                   ; Off                ; Off                ;
; Use LogicLock Constraints during Resource Balancing                             ; On                 ; On                 ;
; Ignore translate_off and synthesis_off directives                               ; Off                ; Off                ;
; Timing-Driven Synthesis                                                         ; On                 ; On                 ;
; Report Parameter Settings                                                       ; On                 ; On                 ;
; Report Source Assignments                                                       ; On                 ; On                 ;
; Report Connectivity Checks                                                      ; On                 ; On                 ;
; Ignore Maximum Fan-Out Assignments                                              ; Off                ; Off                ;
; Synchronization Register Chain Length                                           ; 3                  ; 3                  ;
; Power Optimization During Synthesis                                             ; Normal compilation ; Normal compilation ;
; HDL message level                                                               ; Level2             ; Level2             ;
; Suppress Register Optimization Related Messages                                 ; Off                ; Off                ;
; Number of Removed Registers Reported in Synthesis Report                        ; 5000               ; 5000               ;
; Number of Swept Nodes Reported in Synthesis Report                              ; 5000               ; 5000               ;
; Number of Inverted Registers Reported in Synthesis Report                       ; 100                ; 100                ;
; Clock MUX Protection                                                            ; On                 ; On                 ;
; Auto Gated Clock Conversion                                                     ; Off                ; Off                ;
; Block Design Naming                                                             ; Auto               ; Auto               ;
; SDC constraint protection                                                       ; Off                ; Off                ;
; Synthesis Effort                                                                ; Auto               ; Auto               ;
; Shift Register Replacement - Allow Asynchronous Clear Signal                    ; On                 ; On                 ;
; Pre-Mapping Resynthesis Optimization                                            ; Off                ; Off                ;
; Analysis & Synthesis Message Level                                              ; Medium             ; Medium             ;
; Disable Register Merging Across Hierarchies                                     ; Auto               ; Auto               ;
; Resource Aware Inference For Block RAM                                          ; On                 ; On                 ;
; Automatic Parallel Synthesis                                                    ; On                 ; On                 ;
; Partial Reconfiguration Bitstream ID                                            ; Off                ; Off                ;
+---------------------------------------------------------------------------------+--------------------+--------------------+


+------------------------------------------+
; Parallel Compilation                     ;
+----------------------------+-------------+
; Processors                 ; Number      ;
+----------------------------+-------------+
; Number detected on machine ; 8           ;
; Maximum allowed            ; 4           ;
;                            ;             ;
; Average used               ; 1.00        ;
; Maximum used               ; 4           ;
;                            ;             ;
; Usage by Processor         ; % Time Used ;
;     Processor 1            ; 100.0%      ;
;     Processors 2-4         ;   0.0%      ;
+----------------------------+-------------+


+------------------------------------------------------------------------------------------------------------------------------------------------------------------------------------------+
; Analysis & Synthesis Source Files Read                                                                                                                                                   ;
+--------------------------------------------------+-----------------+------------------------------+----------------------------------------------------------------------------+---------+
; File Name with User-Entered Path                 ; Used in Netlist ; File Type                    ; File Name with Absolute Path                                               ; Library ;
+--------------------------------------------------+-----------------+------------------------------+----------------------------------------------------------------------------+---------+
; Password.v                                       ; yes             ; User Verilog HDL File        ; C:/LCDL_project/term_project/Password/Password.v                           ;         ;
; ../cnt_strike_ball/cnt_strike_ball.v             ; yes             ; User Verilog HDL File        ; C:/LCDL_project/term_project/cnt_strike_ball/cnt_strike_ball.v             ;         ;
; ../RandomNumberGenerator/RandomNumberGenerator.v ; yes             ; User Verilog HDL File        ; C:/LCDL_project/term_project/RandomNumberGenerator/RandomNumberGenerator.v ;         ;
; lpm_divide.tdf                                   ; yes             ; Megafunction                 ; c:/intelfpga_lite/20.1/quartus/libraries/megafunctions/lpm_divide.tdf      ;         ;
; abs_divider.inc                                  ; yes             ; Megafunction                 ; c:/intelfpga_lite/20.1/quartus/libraries/megafunctions/abs_divider.inc     ;         ;
; sign_div_unsign.inc                              ; yes             ; Megafunction                 ; c:/intelfpga_lite/20.1/quartus/libraries/megafunctions/sign_div_unsign.inc ;         ;
; aglobal201.inc                                   ; yes             ; Megafunction                 ; c:/intelfpga_lite/20.1/quartus/libraries/megafunctions/aglobal201.inc      ;         ;
; db/lpm_divide_42m.tdf                            ; yes             ; Auto-Generated Megafunction  ; C:/LCDL_project/term_project/Password/db/lpm_divide_42m.tdf                ;         ;
; db/sign_div_unsign_7kh.tdf                       ; yes             ; Auto-Generated Megafunction  ; C:/LCDL_project/term_project/Password/db/sign_div_unsign_7kh.tdf           ;         ;
; db/alt_u_div_kse.tdf                             ; yes             ; Auto-Generated Megafunction  ; C:/LCDL_project/term_project/Password/db/alt_u_div_kse.tdf                 ;         ;
; db/lpm_divide_52m.tdf                            ; yes             ; Auto-Generated Megafunction  ; C:/LCDL_project/term_project/Password/db/lpm_divide_52m.tdf                ;         ;
; db/sign_div_unsign_8kh.tdf                       ; yes             ; Auto-Generated Megafunction  ; C:/LCDL_project/term_project/Password/db/sign_div_unsign_8kh.tdf           ;         ;
; db/alt_u_div_mse.tdf                             ; yes             ; Auto-Generated Megafunction  ; C:/LCDL_project/term_project/Password/db/alt_u_div_mse.tdf                 ;         ;
+--------------------------------------------------+-----------------+------------------------------+----------------------------------------------------------------------------+---------+


+---------------------------------------------------------+
; Analysis & Synthesis Resource Usage Summary             ;
+---------------------------------------------+-----------+
; Resource                                    ; Usage     ;
+---------------------------------------------+-----------+
; Estimate of Logic utilization (ALMs needed) ; 190       ;
;                                             ;           ;
; Combinational ALUT usage for logic          ; 306       ;
;     -- 7 input functions                    ; 2         ;
;     -- 6 input functions                    ; 68        ;
;     -- 5 input functions                    ; 40        ;
;     -- 4 input functions                    ; 70        ;
;     -- <=3 input functions                  ; 126       ;
;                                             ;           ;
; Dedicated logic registers                   ; 55        ;
;                                             ;           ;
; I/O pins                                    ; 43        ;
;                                             ;           ;
; Total DSP Blocks                            ; 0         ;
;                                             ;           ;
; Maximum fan-out node                        ; clk~input ;
; Maximum fan-out                             ; 55        ;
; Total fan-out                               ; 1471      ;
; Average fan-out                             ; 3.29      ;
+---------------------------------------------+-----------+


+--------------------------------------------------------------------------------------------------------------------------------------------------------------------------------------------------------------------------------------------------------------------------------------------------------------------------------------+
; Analysis & Synthesis Resource Utilization by Entity                                                                                                                                                                                                                                                                                  ;
+-------------------------------------------+---------------------+---------------------------+-------------------+------------+------+--------------+------------------------------------------------------------------------------------------------------------------------------------------+-----------------------+--------------+
; Compilation Hierarchy Node                ; Combinational ALUTs ; Dedicated Logic Registers ; Block Memory Bits ; DSP Blocks ; Pins ; Virtual Pins ; Full Hierarchy Name                                                                                                                      ; Entity Name           ; Library Name ;
+-------------------------------------------+---------------------+---------------------------+-------------------+------------+------+--------------+------------------------------------------------------------------------------------------------------------------------------------------+-----------------------+--------------+
; |Password                                 ; 306 (0)             ; 55 (7)                    ; 0                 ; 0          ; 43   ; 0            ; |Password                                                                                                                                ; Password              ; work         ;
;    |RandomNumberGenerator:rng_inst|       ; 244 (109)           ; 48 (48)                   ; 0                 ; 0          ; 0    ; 0            ; |Password|RandomNumberGenerator:rng_inst                                                                                                 ; RandomNumberGenerator ; work         ;
;       |lpm_divide:Mod0|                   ; 9 (0)               ; 0 (0)                     ; 0                 ; 0          ; 0    ; 0            ; |Password|RandomNumberGenerator:rng_inst|lpm_divide:Mod0                                                                                 ; lpm_divide            ; work         ;
;          |lpm_divide_42m:auto_generated|  ; 9 (0)               ; 0 (0)                     ; 0                 ; 0          ; 0    ; 0            ; |Password|RandomNumberGenerator:rng_inst|lpm_divide:Mod0|lpm_divide_42m:auto_generated                                                   ; lpm_divide_42m        ; work         ;
;             |sign_div_unsign_7kh:divider| ; 9 (0)               ; 0 (0)                     ; 0                 ; 0          ; 0    ; 0            ; |Password|RandomNumberGenerator:rng_inst|lpm_divide:Mod0|lpm_divide_42m:auto_generated|sign_div_unsign_7kh:divider                       ; sign_div_unsign_7kh   ; work         ;
;                |alt_u_div_kse:divider|    ; 9 (9)               ; 0 (0)                     ; 0                 ; 0          ; 0    ; 0            ; |Password|RandomNumberGenerator:rng_inst|lpm_divide:Mod0|lpm_divide_42m:auto_generated|sign_div_unsign_7kh:divider|alt_u_div_kse:divider ; alt_u_div_kse         ; work         ;
;       |lpm_divide:Mod1|                   ; 11 (0)              ; 0 (0)                     ; 0                 ; 0          ; 0    ; 0            ; |Password|RandomNumberGenerator:rng_inst|lpm_divide:Mod1                                                                                 ; lpm_divide            ; work         ;
;          |lpm_divide_42m:auto_generated|  ; 11 (0)              ; 0 (0)                     ; 0                 ; 0          ; 0    ; 0            ; |Password|RandomNumberGenerator:rng_inst|lpm_divide:Mod1|lpm_divide_42m:auto_generated                                                   ; lpm_divide_42m        ; work         ;
;             |sign_div_unsign_7kh:divider| ; 11 (0)              ; 0 (0)                     ; 0                 ; 0          ; 0    ; 0            ; |Password|RandomNumberGenerator:rng_inst|lpm_divide:Mod1|lpm_divide_42m:auto_generated|sign_div_unsign_7kh:divider                       ; sign_div_unsign_7kh   ; work         ;
;                |alt_u_div_kse:divider|    ; 11 (11)             ; 0 (0)                     ; 0                 ; 0          ; 0    ; 0            ; |Password|RandomNumberGenerator:rng_inst|lpm_divide:Mod1|lpm_divide_42m:auto_generated|sign_div_unsign_7kh:divider|alt_u_div_kse:divider ; alt_u_div_kse         ; work         ;
;       |lpm_divide:Mod2|                   ; 14 (0)              ; 0 (0)                     ; 0                 ; 0          ; 0    ; 0            ; |Password|RandomNumberGenerator:rng_inst|lpm_divide:Mod2                                                                                 ; lpm_divide            ; work         ;
;          |lpm_divide_52m:auto_generated|  ; 14 (0)              ; 0 (0)                     ; 0                 ; 0          ; 0    ; 0            ; |Password|RandomNumberGenerator:rng_inst|lpm_divide:Mod2|lpm_divide_52m:auto_generated                                                   ; lpm_divide_52m        ; work         ;
;             |sign_div_unsign_8kh:divider| ; 14 (0)              ; 0 (0)                     ; 0                 ; 0          ; 0    ; 0            ; |Password|RandomNumberGenerator:rng_inst|lpm_divide:Mod2|lpm_divide_52m:auto_generated|sign_div_unsign_8kh:divider                       ; sign_div_unsign_8kh   ; work         ;
;                |alt_u_div_mse:divider|    ; 14 (14)             ; 0 (0)                     ; 0                 ; 0          ; 0    ; 0            ; |Password|RandomNumberGenerator:rng_inst|lpm_divide:Mod2|lpm_divide_52m:auto_generated|sign_div_unsign_8kh:divider|alt_u_div_mse:divider ; alt_u_div_mse         ; work         ;
;       |lpm_divide:Mod3|                   ; 11 (0)              ; 0 (0)                     ; 0                 ; 0          ; 0    ; 0            ; |Password|RandomNumberGenerator:rng_inst|lpm_divide:Mod3                                                                                 ; lpm_divide            ; work         ;
;          |lpm_divide_42m:auto_generated|  ; 11 (0)              ; 0 (0)                     ; 0                 ; 0          ; 0    ; 0            ; |Password|RandomNumberGenerator:rng_inst|lpm_divide:Mod3|lpm_divide_42m:auto_generated                                                   ; lpm_divide_42m        ; work         ;
;             |sign_div_unsign_7kh:divider| ; 11 (0)              ; 0 (0)                     ; 0                 ; 0          ; 0    ; 0            ; |Password|RandomNumberGenerator:rng_inst|lpm_divide:Mod3|lpm_divide_42m:auto_generated|sign_div_unsign_7kh:divider                       ; sign_div_unsign_7kh   ; work         ;
;                |alt_u_div_kse:divider|    ; 11 (11)             ; 0 (0)                     ; 0                 ; 0          ; 0    ; 0            ; |Password|RandomNumberGenerator:rng_inst|lpm_divide:Mod3|lpm_divide_42m:auto_generated|sign_div_unsign_7kh:divider|alt_u_div_kse:divider ; alt_u_div_kse         ; work         ;
;       |lpm_divide:Mod4|                   ; 17 (0)              ; 0 (0)                     ; 0                 ; 0          ; 0    ; 0            ; |Password|RandomNumberGenerator:rng_inst|lpm_divide:Mod4                                                                                 ; lpm_divide            ; work         ;
;          |lpm_divide_52m:auto_generated|  ; 17 (0)              ; 0 (0)                     ; 0                 ; 0          ; 0    ; 0            ; |Password|RandomNumberGenerator:rng_inst|lpm_divide:Mod4|lpm_divide_52m:auto_generated                                                   ; lpm_divide_52m        ; work         ;
;             |sign_div_unsign_8kh:divider| ; 17 (0)              ; 0 (0)                     ; 0                 ; 0          ; 0    ; 0            ; |Password|RandomNumberGenerator:rng_inst|lpm_divide:Mod4|lpm_divide_52m:auto_generated|sign_div_unsign_8kh:divider                       ; sign_div_unsign_8kh   ; work         ;
;                |alt_u_div_mse:divider|    ; 17 (17)             ; 0 (0)                     ; 0                 ; 0          ; 0    ; 0            ; |Password|RandomNumberGenerator:rng_inst|lpm_divide:Mod4|lpm_divide_52m:auto_generated|sign_div_unsign_8kh:divider|alt_u_div_mse:divider ; alt_u_div_mse         ; work         ;
;       |lpm_divide:Mod5|                   ; 13 (0)              ; 0 (0)                     ; 0                 ; 0          ; 0    ; 0            ; |Password|RandomNumberGenerator:rng_inst|lpm_divide:Mod5                                                                                 ; lpm_divide            ; work         ;
;          |lpm_divide_52m:auto_generated|  ; 13 (0)              ; 0 (0)                     ; 0                 ; 0          ; 0    ; 0            ; |Password|RandomNumberGenerator:rng_inst|lpm_divide:Mod5|lpm_divide_52m:auto_generated                                                   ; lpm_divide_52m        ; work         ;
;             |sign_div_unsign_8kh:divider| ; 13 (0)              ; 0 (0)                     ; 0                 ; 0          ; 0    ; 0            ; |Password|RandomNumberGenerator:rng_inst|lpm_divide:Mod5|lpm_divide_52m:auto_generated|sign_div_unsign_8kh:divider                       ; sign_div_unsign_8kh   ; work         ;
;                |alt_u_div_mse:divider|    ; 13 (13)             ; 0 (0)                     ; 0                 ; 0          ; 0    ; 0            ; |Password|RandomNumberGenerator:rng_inst|lpm_divide:Mod5|lpm_divide_52m:auto_generated|sign_div_unsign_8kh:divider|alt_u_div_mse:divider ; alt_u_div_mse         ; work         ;
;       |lpm_divide:Mod6|                   ; 11 (0)              ; 0 (0)                     ; 0                 ; 0          ; 0    ; 0            ; |Password|RandomNumberGenerator:rng_inst|lpm_divide:Mod6                                                                                 ; lpm_divide            ; work         ;
;          |lpm_divide_42m:auto_generated|  ; 11 (0)              ; 0 (0)                     ; 0                 ; 0          ; 0    ; 0            ; |Password|RandomNumberGenerator:rng_inst|lpm_divide:Mod6|lpm_divide_42m:auto_generated                                                   ; lpm_divide_42m        ; work         ;
;             |sign_div_unsign_7kh:divider| ; 11 (0)              ; 0 (0)                     ; 0                 ; 0          ; 0    ; 0            ; |Password|RandomNumberGenerator:rng_inst|lpm_divide:Mod6|lpm_divide_42m:auto_generated|sign_div_unsign_7kh:divider                       ; sign_div_unsign_7kh   ; work         ;
;                |alt_u_div_kse:divider|    ; 11 (11)             ; 0 (0)                     ; 0                 ; 0          ; 0    ; 0            ; |Password|RandomNumberGenerator:rng_inst|lpm_divide:Mod6|lpm_divide_42m:auto_generated|sign_div_unsign_7kh:divider|alt_u_div_kse:divider ; alt_u_div_kse         ; work         ;
;       |lpm_divide:Mod7|                   ; 17 (0)              ; 0 (0)                     ; 0                 ; 0          ; 0    ; 0            ; |Password|RandomNumberGenerator:rng_inst|lpm_divide:Mod7                                                                                 ; lpm_divide            ; work         ;
;          |lpm_divide_52m:auto_generated|  ; 17 (0)              ; 0 (0)                     ; 0                 ; 0          ; 0    ; 0            ; |Password|RandomNumberGenerator:rng_inst|lpm_divide:Mod7|lpm_divide_52m:auto_generated                                                   ; lpm_divide_52m        ; work         ;
;             |sign_div_unsign_8kh:divider| ; 17 (0)              ; 0 (0)                     ; 0                 ; 0          ; 0    ; 0            ; |Password|RandomNumberGenerator:rng_inst|lpm_divide:Mod7|lpm_divide_52m:auto_generated|sign_div_unsign_8kh:divider                       ; sign_div_unsign_8kh   ; work         ;
;                |alt_u_div_mse:divider|    ; 17 (17)             ; 0 (0)                     ; 0                 ; 0          ; 0    ; 0            ; |Password|RandomNumberGenerator:rng_inst|lpm_divide:Mod7|lpm_divide_52m:auto_generated|sign_div_unsign_8kh:divider|alt_u_div_mse:divider ; alt_u_div_mse         ; work         ;
;       |lpm_divide:Mod8|                   ; 18 (0)              ; 0 (0)                     ; 0                 ; 0          ; 0    ; 0            ; |Password|RandomNumberGenerator:rng_inst|lpm_divide:Mod8                                                                                 ; lpm_divide            ; work         ;
;          |lpm_divide_52m:auto_generated|  ; 18 (0)              ; 0 (0)                     ; 0                 ; 0          ; 0    ; 0            ; |Password|RandomNumberGenerator:rng_inst|lpm_divide:Mod8|lpm_divide_52m:auto_generated                                                   ; lpm_divide_52m        ; work         ;
;             |sign_div_unsign_8kh:divider| ; 18 (0)              ; 0 (0)                     ; 0                 ; 0          ; 0    ; 0            ; |Password|RandomNumberGenerator:rng_inst|lpm_divide:Mod8|lpm_divide_52m:auto_generated|sign_div_unsign_8kh:divider                       ; sign_div_unsign_8kh   ; work         ;
;                |alt_u_div_mse:divider|    ; 18 (18)             ; 0 (0)                     ; 0                 ; 0          ; 0    ; 0            ; |Password|RandomNumberGenerator:rng_inst|lpm_divide:Mod8|lpm_divide_52m:auto_generated|sign_div_unsign_8kh:divider|alt_u_div_mse:divider ; alt_u_div_mse         ; work         ;
;       |lpm_divide:Mod9|                   ; 14 (0)              ; 0 (0)                     ; 0                 ; 0          ; 0    ; 0            ; |Password|RandomNumberGenerator:rng_inst|lpm_divide:Mod9                                                                                 ; lpm_divide            ; work         ;
;          |lpm_divide_52m:auto_generated|  ; 14 (0)              ; 0 (0)                     ; 0                 ; 0          ; 0    ; 0            ; |Password|RandomNumberGenerator:rng_inst|lpm_divide:Mod9|lpm_divide_52m:auto_generated                                                   ; lpm_divide_52m        ; work         ;
;             |sign_div_unsign_8kh:divider| ; 14 (0)              ; 0 (0)                     ; 0                 ; 0          ; 0    ; 0            ; |Password|RandomNumberGenerator:rng_inst|lpm_divide:Mod9|lpm_divide_52m:auto_generated|sign_div_unsign_8kh:divider                       ; sign_div_unsign_8kh   ; work         ;
;                |alt_u_div_mse:divider|    ; 14 (14)             ; 0 (0)                     ; 0                 ; 0          ; 0    ; 0            ; |Password|RandomNumberGenerator:rng_inst|lpm_divide:Mod9|lpm_divide_52m:auto_generated|sign_div_unsign_8kh:divider|alt_u_div_mse:divider ; alt_u_div_mse         ; work         ;
;    |cnt_strike_ball:game_inst|            ; 62 (62)             ; 0 (0)                     ; 0                 ; 0          ; 0    ; 0            ; |Password|cnt_strike_ball:game_inst                                                                                                      ; cnt_strike_ball       ; work         ;
+-------------------------------------------+---------------------+---------------------------+-------------------+------------+------+--------------+------------------------------------------------------------------------------------------------------------------------------------------+-----------------------+--------------+
Note: For table entries with two numbers listed, the numbers in parentheses indicate the number of resources of the given type used by the specific entity alone. The numbers listed outside of parentheses indicate the total resources of the given type used by the specific entity and all of its sub-entities in the hierarchy.


+------------------------------------------------------+
; General Register Statistics                          ;
+----------------------------------------------+-------+
; Statistic                                    ; Value ;
+----------------------------------------------+-------+
; Total registers                              ; 55    ;
; Number of registers using Synchronous Clear  ; 0     ;
; Number of registers using Synchronous Load   ; 4     ;
; Number of registers using Asynchronous Clear ; 55    ;
; Number of registers using Asynchronous Load  ; 0     ;
; Number of registers using Clock Enable       ; 39    ;
; Number of registers using Preset             ; 0     ;
+----------------------------------------------+-------+


+-----------------------------------------------------------+
; Inverted Register Statistics                              ;
+-------------------------------------------------+---------+
; Inverted Register                               ; Fan out ;
+-------------------------------------------------+---------+
; RandomNumberGenerator:rng_inst|rnd_internal[0]  ; 6       ;
; RandomNumberGenerator:rng_inst|rnd_internal[5]  ; 6       ;
; RandomNumberGenerator:rng_inst|rnd_internal[6]  ; 4       ;
; RandomNumberGenerator:rng_inst|rnd_internal[7]  ; 4       ;
; RandomNumberGenerator:rng_inst|rnd_internal[11] ; 4       ;
; RandomNumberGenerator:rng_inst|rnd_internal[10] ; 5       ;
; RandomNumberGenerator:rng_inst|rnd_internal[13] ; 6       ;
; RandomNumberGenerator:rng_inst|rnd_internal[15] ; 4       ;
; Total number of inverted registers = 8          ;         ;
+-------------------------------------------------+---------+


+-------------------------------------------------------------------------------------------------+
; Parameter Settings for Inferred Entity Instance: RandomNumberGenerator:rng_inst|lpm_divide:Mod0 ;
+------------------------+----------------+-------------------------------------------------------+
; Parameter Name         ; Value          ; Type                                                  ;
+------------------------+----------------+-------------------------------------------------------+
; LPM_WIDTHN             ; 4              ; Untyped                                               ;
; LPM_WIDTHD             ; 4              ; Untyped                                               ;
; LPM_NREPRESENTATION    ; UNSIGNED       ; Untyped                                               ;
; LPM_DREPRESENTATION    ; UNSIGNED       ; Untyped                                               ;
; LPM_PIPELINE           ; 0              ; Untyped                                               ;
; LPM_REMAINDERPOSITIVE  ; TRUE           ; Untyped                                               ;
; MAXIMIZE_SPEED         ; 5              ; Untyped                                               ;
; CBXI_PARAMETER         ; lpm_divide_42m ; Untyped                                               ;
; CARRY_CHAIN            ; MANUAL         ; Untyped                                               ;
; OPTIMIZE_FOR_SPEED     ; 5              ; Untyped                                               ;
; AUTO_CARRY_CHAINS      ; ON             ; AUTO_CARRY                                            ;
; IGNORE_CARRY_BUFFERS   ; OFF            ; IGNORE_CARRY                                          ;
; AUTO_CASCADE_CHAINS    ; ON             ; AUTO_CASCADE                                          ;
; IGNORE_CASCADE_BUFFERS ; OFF            ; IGNORE_CASCADE                                        ;
+------------------------+----------------+-------------------------------------------------------+
Note: In order to hide this table in the UI and the text report file, please set the "Show Parameter Settings in Synthesis Report" option in "Analysis and Synthesis Settings -> More Settings" to "Off".


+-------------------------------------------------------------------------------------------------+
; Parameter Settings for Inferred Entity Instance: RandomNumberGenerator:rng_inst|lpm_divide:Mod1 ;
+------------------------+----------------+-------------------------------------------------------+
; Parameter Name         ; Value          ; Type                                                  ;
+------------------------+----------------+-------------------------------------------------------+
; LPM_WIDTHN             ; 4              ; Untyped                                               ;
; LPM_WIDTHD             ; 4              ; Untyped                                               ;
; LPM_NREPRESENTATION    ; UNSIGNED       ; Untyped                                               ;
; LPM_DREPRESENTATION    ; UNSIGNED       ; Untyped                                               ;
; LPM_PIPELINE           ; 0              ; Untyped                                               ;
; LPM_REMAINDERPOSITIVE  ; TRUE           ; Untyped                                               ;
; MAXIMIZE_SPEED         ; 5              ; Untyped                                               ;
; CBXI_PARAMETER         ; lpm_divide_42m ; Untyped                                               ;
; CARRY_CHAIN            ; MANUAL         ; Untyped                                               ;
; OPTIMIZE_FOR_SPEED     ; 5              ; Untyped                                               ;
; AUTO_CARRY_CHAINS      ; ON             ; AUTO_CARRY                                            ;
; IGNORE_CARRY_BUFFERS   ; OFF            ; IGNORE_CARRY                                          ;
; AUTO_CASCADE_CHAINS    ; ON             ; AUTO_CASCADE                                          ;
; IGNORE_CASCADE_BUFFERS ; OFF            ; IGNORE_CASCADE                                        ;
+------------------------+----------------+-------------------------------------------------------+
Note: In order to hide this table in the UI and the text report file, please set the "Show Parameter Settings in Synthesis Report" option in "Analysis and Synthesis Settings -> More Settings" to "Off".


+-------------------------------------------------------------------------------------------------+
; Parameter Settings for Inferred Entity Instance: RandomNumberGenerator:rng_inst|lpm_divide:Mod2 ;
+------------------------+----------------+-------------------------------------------------------+
; Parameter Name         ; Value          ; Type                                                  ;
+------------------------+----------------+-------------------------------------------------------+
; LPM_WIDTHN             ; 5              ; Untyped                                               ;
; LPM_WIDTHD             ; 4              ; Untyped                                               ;
; LPM_NREPRESENTATION    ; UNSIGNED       ; Untyped                                               ;
; LPM_DREPRESENTATION    ; UNSIGNED       ; Untyped                                               ;
; LPM_PIPELINE           ; 0              ; Untyped                                               ;
; LPM_REMAINDERPOSITIVE  ; TRUE           ; Untyped                                               ;
; MAXIMIZE_SPEED         ; 5              ; Untyped                                               ;
; CBXI_PARAMETER         ; lpm_divide_52m ; Untyped                                               ;
; CARRY_CHAIN            ; MANUAL         ; Untyped                                               ;
; OPTIMIZE_FOR_SPEED     ; 5              ; Untyped                                               ;
; AUTO_CARRY_CHAINS      ; ON             ; AUTO_CARRY                                            ;
; IGNORE_CARRY_BUFFERS   ; OFF            ; IGNORE_CARRY                                          ;
; AUTO_CASCADE_CHAINS    ; ON             ; AUTO_CASCADE                                          ;
; IGNORE_CASCADE_BUFFERS ; OFF            ; IGNORE_CASCADE                                        ;
+------------------------+----------------+-------------------------------------------------------+
Note: In order to hide this table in the UI and the text report file, please set the "Show Parameter Settings in Synthesis Report" option in "Analysis and Synthesis Settings -> More Settings" to "Off".


+-------------------------------------------------------------------------------------------------+
; Parameter Settings for Inferred Entity Instance: RandomNumberGenerator:rng_inst|lpm_divide:Mod3 ;
+------------------------+----------------+-------------------------------------------------------+
; Parameter Name         ; Value          ; Type                                                  ;
+------------------------+----------------+-------------------------------------------------------+
; LPM_WIDTHN             ; 4              ; Untyped                                               ;
; LPM_WIDTHD             ; 4              ; Untyped                                               ;
; LPM_NREPRESENTATION    ; UNSIGNED       ; Untyped                                               ;
; LPM_DREPRESENTATION    ; UNSIGNED       ; Untyped                                               ;
; LPM_PIPELINE           ; 0              ; Untyped                                               ;
; LPM_REMAINDERPOSITIVE  ; TRUE           ; Untyped                                               ;
; MAXIMIZE_SPEED         ; 5              ; Untyped                                               ;
; CBXI_PARAMETER         ; lpm_divide_42m ; Untyped                                               ;
; CARRY_CHAIN            ; MANUAL         ; Untyped                                               ;
; OPTIMIZE_FOR_SPEED     ; 5              ; Untyped                                               ;
; AUTO_CARRY_CHAINS      ; ON             ; AUTO_CARRY                                            ;
; IGNORE_CARRY_BUFFERS   ; OFF            ; IGNORE_CARRY                                          ;
; AUTO_CASCADE_CHAINS    ; ON             ; AUTO_CASCADE                                          ;
; IGNORE_CASCADE_BUFFERS ; OFF            ; IGNORE_CASCADE                                        ;
+------------------------+----------------+-------------------------------------------------------+
Note: In order to hide this table in the UI and the text report file, please set the "Show Parameter Settings in Synthesis Report" option in "Analysis and Synthesis Settings -> More Settings" to "Off".


+-------------------------------------------------------------------------------------------------+
; Parameter Settings for Inferred Entity Instance: RandomNumberGenerator:rng_inst|lpm_divide:Mod4 ;
+------------------------+----------------+-------------------------------------------------------+
; Parameter Name         ; Value          ; Type                                                  ;
+------------------------+----------------+-------------------------------------------------------+
; LPM_WIDTHN             ; 5              ; Untyped                                               ;
; LPM_WIDTHD             ; 4              ; Untyped                                               ;
; LPM_NREPRESENTATION    ; UNSIGNED       ; Untyped                                               ;
; LPM_DREPRESENTATION    ; UNSIGNED       ; Untyped                                               ;
; LPM_PIPELINE           ; 0              ; Untyped                                               ;
; LPM_REMAINDERPOSITIVE  ; TRUE           ; Untyped                                               ;
; MAXIMIZE_SPEED         ; 5              ; Untyped                                               ;
; CBXI_PARAMETER         ; lpm_divide_52m ; Untyped                                               ;
; CARRY_CHAIN            ; MANUAL         ; Untyped                                               ;
; OPTIMIZE_FOR_SPEED     ; 5              ; Untyped                                               ;
; AUTO_CARRY_CHAINS      ; ON             ; AUTO_CARRY                                            ;
; IGNORE_CARRY_BUFFERS   ; OFF            ; IGNORE_CARRY                                          ;
; AUTO_CASCADE_CHAINS    ; ON             ; AUTO_CASCADE                                          ;
; IGNORE_CASCADE_BUFFERS ; OFF            ; IGNORE_CASCADE                                        ;
+------------------------+----------------+-------------------------------------------------------+
Note: In order to hide this table in the UI and the text report file, please set the "Show Parameter Settings in Synthesis Report" option in "Analysis and Synthesis Settings -> More Settings" to "Off".


+-------------------------------------------------------------------------------------------------+
; Parameter Settings for Inferred Entity Instance: RandomNumberGenerator:rng_inst|lpm_divide:Mod5 ;
+------------------------+----------------+-------------------------------------------------------+
; Parameter Name         ; Value          ; Type                                                  ;
+------------------------+----------------+-------------------------------------------------------+
; LPM_WIDTHN             ; 5              ; Untyped                                               ;
; LPM_WIDTHD             ; 4              ; Untyped                                               ;
; LPM_NREPRESENTATION    ; UNSIGNED       ; Untyped                                               ;
; LPM_DREPRESENTATION    ; UNSIGNED       ; Untyped                                               ;
; LPM_PIPELINE           ; 0              ; Untyped                                               ;
; LPM_REMAINDERPOSITIVE  ; TRUE           ; Untyped                                               ;
; MAXIMIZE_SPEED         ; 5              ; Untyped                                               ;
; CBXI_PARAMETER         ; lpm_divide_52m ; Untyped                                               ;
; CARRY_CHAIN            ; MANUAL         ; Untyped                                               ;
; OPTIMIZE_FOR_SPEED     ; 5              ; Untyped                                               ;
; AUTO_CARRY_CHAINS      ; ON             ; AUTO_CARRY                                            ;
; IGNORE_CARRY_BUFFERS   ; OFF            ; IGNORE_CARRY                                          ;
; AUTO_CASCADE_CHAINS    ; ON             ; AUTO_CASCADE                                          ;
; IGNORE_CASCADE_BUFFERS ; OFF            ; IGNORE_CASCADE                                        ;
+------------------------+----------------+-------------------------------------------------------+
Note: In order to hide this table in the UI and the text report file, please set the "Show Parameter Settings in Synthesis Report" option in "Analysis and Synthesis Settings -> More Settings" to "Off".


+-------------------------------------------------------------------------------------------------+
; Parameter Settings for Inferred Entity Instance: RandomNumberGenerator:rng_inst|lpm_divide:Mod6 ;
+------------------------+----------------+-------------------------------------------------------+
; Parameter Name         ; Value          ; Type                                                  ;
+------------------------+----------------+-------------------------------------------------------+
; LPM_WIDTHN             ; 4              ; Untyped                                               ;
; LPM_WIDTHD             ; 4              ; Untyped                                               ;
; LPM_NREPRESENTATION    ; UNSIGNED       ; Untyped                                               ;
; LPM_DREPRESENTATION    ; UNSIGNED       ; Untyped                                               ;
; LPM_PIPELINE           ; 0              ; Untyped                                               ;
; LPM_REMAINDERPOSITIVE  ; TRUE           ; Untyped                                               ;
; MAXIMIZE_SPEED         ; 5              ; Untyped                                               ;
; CBXI_PARAMETER         ; lpm_divide_42m ; Untyped                                               ;
; CARRY_CHAIN            ; MANUAL         ; Untyped                                               ;
; OPTIMIZE_FOR_SPEED     ; 5              ; Untyped                                               ;
; AUTO_CARRY_CHAINS      ; ON             ; AUTO_CARRY                                            ;
; IGNORE_CARRY_BUFFERS   ; OFF            ; IGNORE_CARRY                                          ;
; AUTO_CASCADE_CHAINS    ; ON             ; AUTO_CASCADE                                          ;
; IGNORE_CASCADE_BUFFERS ; OFF            ; IGNORE_CASCADE                                        ;
+------------------------+----------------+-------------------------------------------------------+
Note: In order to hide this table in the UI and the text report file, please set the "Show Parameter Settings in Synthesis Report" option in "Analysis and Synthesis Settings -> More Settings" to "Off".


+-------------------------------------------------------------------------------------------------+
; Parameter Settings for Inferred Entity Instance: RandomNumberGenerator:rng_inst|lpm_divide:Mod7 ;
+------------------------+----------------+-------------------------------------------------------+
; Parameter Name         ; Value          ; Type                                                  ;
+------------------------+----------------+-------------------------------------------------------+
; LPM_WIDTHN             ; 5              ; Untyped                                               ;
; LPM_WIDTHD             ; 4              ; Untyped                                               ;
; LPM_NREPRESENTATION    ; UNSIGNED       ; Untyped                                               ;
; LPM_DREPRESENTATION    ; UNSIGNED       ; Untyped                                               ;
; LPM_PIPELINE           ; 0              ; Untyped                                               ;
; LPM_REMAINDERPOSITIVE  ; TRUE           ; Untyped                                               ;
; MAXIMIZE_SPEED         ; 5              ; Untyped                                               ;
; CBXI_PARAMETER         ; lpm_divide_52m ; Untyped                                               ;
; CARRY_CHAIN            ; MANUAL         ; Untyped                                               ;
; OPTIMIZE_FOR_SPEED     ; 5              ; Untyped                                               ;
; AUTO_CARRY_CHAINS      ; ON             ; AUTO_CARRY                                            ;
; IGNORE_CARRY_BUFFERS   ; OFF            ; IGNORE_CARRY                                          ;
; AUTO_CASCADE_CHAINS    ; ON             ; AUTO_CASCADE                                          ;
; IGNORE_CASCADE_BUFFERS ; OFF            ; IGNORE_CASCADE                                        ;
+------------------------+----------------+-------------------------------------------------------+
Note: In order to hide this table in the UI and the text report file, please set the "Show Parameter Settings in Synthesis Report" option in "Analysis and Synthesis Settings -> More Settings" to "Off".


+-------------------------------------------------------------------------------------------------+
; Parameter Settings for Inferred Entity Instance: RandomNumberGenerator:rng_inst|lpm_divide:Mod8 ;
+------------------------+----------------+-------------------------------------------------------+
; Parameter Name         ; Value          ; Type                                                  ;
+------------------------+----------------+-------------------------------------------------------+
; LPM_WIDTHN             ; 5              ; Untyped                                               ;
; LPM_WIDTHD             ; 4              ; Untyped                                               ;
; LPM_NREPRESENTATION    ; UNSIGNED       ; Untyped                                               ;
; LPM_DREPRESENTATION    ; UNSIGNED       ; Untyped                                               ;
; LPM_PIPELINE           ; 0              ; Untyped                                               ;
; LPM_REMAINDERPOSITIVE  ; TRUE           ; Untyped                                               ;
; MAXIMIZE_SPEED         ; 5              ; Untyped                                               ;
; CBXI_PARAMETER         ; lpm_divide_52m ; Untyped                                               ;
; CARRY_CHAIN            ; MANUAL         ; Untyped                                               ;
; OPTIMIZE_FOR_SPEED     ; 5              ; Untyped                                               ;
; AUTO_CARRY_CHAINS      ; ON             ; AUTO_CARRY                                            ;
; IGNORE_CARRY_BUFFERS   ; OFF            ; IGNORE_CARRY                                          ;
; AUTO_CASCADE_CHAINS    ; ON             ; AUTO_CASCADE                                          ;
; IGNORE_CASCADE_BUFFERS ; OFF            ; IGNORE_CASCADE                                        ;
+------------------------+----------------+-------------------------------------------------------+
Note: In order to hide this table in the UI and the text report file, please set the "Show Parameter Settings in Synthesis Report" option in "Analysis and Synthesis Settings -> More Settings" to "Off".


+-------------------------------------------------------------------------------------------------+
; Parameter Settings for Inferred Entity Instance: RandomNumberGenerator:rng_inst|lpm_divide:Mod9 ;
+------------------------+----------------+-------------------------------------------------------+
; Parameter Name         ; Value          ; Type                                                  ;
+------------------------+----------------+-------------------------------------------------------+
; LPM_WIDTHN             ; 5              ; Untyped                                               ;
; LPM_WIDTHD             ; 4              ; Untyped                                               ;
; LPM_NREPRESENTATION    ; UNSIGNED       ; Untyped                                               ;
; LPM_DREPRESENTATION    ; UNSIGNED       ; Untyped                                               ;
; LPM_PIPELINE           ; 0              ; Untyped                                               ;
; LPM_REMAINDERPOSITIVE  ; TRUE           ; Untyped                                               ;
; MAXIMIZE_SPEED         ; 5              ; Untyped                                               ;
; CBXI_PARAMETER         ; lpm_divide_52m ; Untyped                                               ;
; CARRY_CHAIN            ; MANUAL         ; Untyped                                               ;
; OPTIMIZE_FOR_SPEED     ; 5              ; Untyped                                               ;
; AUTO_CARRY_CHAINS      ; ON             ; AUTO_CARRY                                            ;
; IGNORE_CARRY_BUFFERS   ; OFF            ; IGNORE_CARRY                                          ;
; AUTO_CASCADE_CHAINS    ; ON             ; AUTO_CASCADE                                          ;
; IGNORE_CASCADE_BUFFERS ; OFF            ; IGNORE_CASCADE                                        ;
+------------------------+----------------+-------------------------------------------------------+
Note: In order to hide this table in the UI and the text report file, please set the "Show Parameter Settings in Synthesis Report" option in "Analysis and Synthesis Settings -> More Settings" to "Off".


+-----------------------------------------------------+
; Post-Synthesis Netlist Statistics for Top Partition ;
+-----------------------+-----------------------------+
; Type                  ; Count                       ;
+-----------------------+-----------------------------+
; arriav_ff             ; 55                          ;
;     CLR               ; 16                          ;
;     ENA CLR           ; 35                          ;
;     ENA CLR SLD       ; 4                           ;
; arriav_lcell_comb     ; 306                         ;
;     arith             ; 78                          ;
;         0 data inputs ; 24                          ;
;         1 data inputs ; 4                           ;
;         3 data inputs ; 10                          ;
;         4 data inputs ; 40                          ;
;     extend            ; 2                           ;
;         7 data inputs ; 2                           ;
;     normal            ; 206                         ;
;         1 data inputs ; 9                           ;
;         2 data inputs ; 27                          ;
;         3 data inputs ; 32                          ;
;         4 data inputs ; 30                          ;
;         5 data inputs ; 40                          ;
;         6 data inputs ; 68                          ;
;     shared            ; 20                          ;
;         0 data inputs ; 4                           ;
;         1 data inputs ; 16                          ;
; boundary_port         ; 43                          ;
;                       ;                             ;
; Max LUT depth         ; 25.00                       ;
; Average LUT depth     ; 17.37                       ;
+-----------------------+-----------------------------+


+-------------------------------+
; Elapsed Time Per Partition    ;
+----------------+--------------+
; Partition Name ; Elapsed Time ;
+----------------+--------------+
; Top            ; 00:00:01     ;
+----------------+--------------+


+-------------------------------+
; Analysis & Synthesis Messages ;
+-------------------------------+
Info: *******************************************************************
Info: Running Quartus Prime Analysis & Synthesis
    Info: Version 20.1.1 Build 720 11/11/2020 SJ Lite Edition
    Info: Processing started: Thu Dec 05 21:41:16 2024
Info: Command: quartus_map --read_settings_files=on --write_settings_files=off Password -c Password
Warning (18236): Number of processors has not been specified which may cause overloading on shared machines.  Set the global assignment NUM_PARALLEL_PROCESSORS in your QSF to an appropriate value for best performance.
Info (20030): Parallel compilation is enabled and will use 4 of the 4 processors detected
Info (12021): Found 1 design units, including 1 entities, in source file password.v
    Info (12023): Found entity 1: Password File: C:/LCDL_project/term_project/Password/Password.v Line: 1
Info (12021): Found 1 design units, including 1 entities, in source file /lcdl_project/term_project/cnt_strike_ball/cnt_strike_ball.v
    Info (12023): Found entity 1: cnt_strike_ball File: C:/LCDL_project/term_project/cnt_strike_ball/cnt_strike_ball.v Line: 1
Info (12021): Found 1 design units, including 1 entities, in source file /lcdl_project/term_project/randomnumbergenerator/randomnumbergenerator.v
    Info (12023): Found entity 1: RandomNumberGenerator File: C:/LCDL_project/term_project/RandomNumberGenerator/RandomNumberGenerator.v Line: 1
Info (12021): Found 1 design units, including 1 entities, in source file /lcdl_project/term_project/fourbit_comparator/fourbit_comparator.v
    Info (12023): Found entity 1: fourbit_comparator File: C:/LCDL_project/term_project/fourbit_comparator/fourbit_comparator.v Line: 20
Info (12127): Elaborating entity "Password" for the top level hierarchy
Info (12128): Elaborating entity "RandomNumberGenerator" for hierarchy "RandomNumberGenerator:rng_inst" File: C:/LCDL_project/term_project/Password/Password.v Line: 30
Warning (10230): Verilog HDL assignment warning at RandomNumberGenerator.v(40): truncated value with size 32 to match size of target (4) File: C:/LCDL_project/term_project/RandomNumberGenerator/RandomNumberGenerator.v Line: 40
Warning (10230): Verilog HDL assignment warning at RandomNumberGenerator.v(43): truncated value with size 32 to match size of target (4) File: C:/LCDL_project/term_project/RandomNumberGenerator/RandomNumberGenerator.v Line: 43
Warning (10230): Verilog HDL assignment warning at RandomNumberGenerator.v(45): truncated value with size 32 to match size of target (4) File: C:/LCDL_project/term_project/RandomNumberGenerator/RandomNumberGenerator.v Line: 45
Warning (10230): Verilog HDL assignment warning at RandomNumberGenerator.v(48): truncated value with size 32 to match size of target (4) File: C:/LCDL_project/term_project/RandomNumberGenerator/RandomNumberGenerator.v Line: 48
Warning (10230): Verilog HDL assignment warning at RandomNumberGenerator.v(50): truncated value with size 32 to match size of target (4) File: C:/LCDL_project/term_project/RandomNumberGenerator/RandomNumberGenerator.v Line: 50
Warning (10230): Verilog HDL assignment warning at RandomNumberGenerator.v(52): truncated value with size 32 to match size of target (4) File: C:/LCDL_project/term_project/RandomNumberGenerator/RandomNumberGenerator.v Line: 52
Warning (10230): Verilog HDL assignment warning at RandomNumberGenerator.v(55): truncated value with size 32 to match size of target (4) File: C:/LCDL_project/term_project/RandomNumberGenerator/RandomNumberGenerator.v Line: 55
Warning (10230): Verilog HDL assignment warning at RandomNumberGenerator.v(57): truncated value with size 32 to match size of target (4) File: C:/LCDL_project/term_project/RandomNumberGenerator/RandomNumberGenerator.v Line: 57
Warning (10230): Verilog HDL assignment warning at RandomNumberGenerator.v(59): truncated value with size 32 to match size of target (4) File: C:/LCDL_project/term_project/RandomNumberGenerator/RandomNumberGenerator.v Line: 59
Warning (10230): Verilog HDL assignment warning at RandomNumberGenerator.v(61): truncated value with size 32 to match size of target (4) File: C:/LCDL_project/term_project/RandomNumberGenerator/RandomNumberGenerator.v Line: 61
Info (12128): Elaborating entity "cnt_strike_ball" for hierarchy "cnt_strike_ball:game_inst" File: C:/LCDL_project/term_project/Password/Password.v Line: 50
Warning (10230): Verilog HDL assignment warning at cnt_strike_ball.v(41): truncated value with size 32 to match size of target (3) File: C:/LCDL_project/term_project/cnt_strike_ball/cnt_strike_ball.v Line: 41
Warning (10230): Verilog HDL assignment warning at cnt_strike_ball.v(52): truncated value with size 32 to match size of target (3) File: C:/LCDL_project/term_project/cnt_strike_ball/cnt_strike_ball.v Line: 52
Info (278001): Inferred 10 megafunctions from design logic
    Info (278004): Inferred divider/modulo megafunction ("lpm_divide") from the following logic: "RandomNumberGenerator:rng_inst|Mod0" File: C:/LCDL_project/term_project/RandomNumberGenerator/RandomNumberGenerator.v Line: 40
    Info (278004): Inferred divider/modulo megafunction ("lpm_divide") from the following logic: "RandomNumberGenerator:rng_inst|Mod1" File: C:/LCDL_project/term_project/RandomNumberGenerator/RandomNumberGenerator.v Line: 43
    Info (278004): Inferred divider/modulo megafunction ("lpm_divide") from the following logic: "RandomNumberGenerator:rng_inst|Mod2" File: C:/LCDL_project/term_project/RandomNumberGenerator/RandomNumberGenerator.v Line: 45
    Info (278004): Inferred divider/modulo megafunction ("lpm_divide") from the following logic: "RandomNumberGenerator:rng_inst|Mod3" File: C:/LCDL_project/term_project/RandomNumberGenerator/RandomNumberGenerator.v Line: 48
    Info (278004): Inferred divider/modulo megafunction ("lpm_divide") from the following logic: "RandomNumberGenerator:rng_inst|Mod4" File: C:/LCDL_project/term_project/RandomNumberGenerator/RandomNumberGenerator.v Line: 50
    Info (278004): Inferred divider/modulo megafunction ("lpm_divide") from the following logic: "RandomNumberGenerator:rng_inst|Mod5" File: C:/LCDL_project/term_project/RandomNumberGenerator/RandomNumberGenerator.v Line: 52
    Info (278004): Inferred divider/modulo megafunction ("lpm_divide") from the following logic: "RandomNumberGenerator:rng_inst|Mod6" File: C:/LCDL_project/term_project/RandomNumberGenerator/RandomNumberGenerator.v Line: 55
    Info (278004): Inferred divider/modulo megafunction ("lpm_divide") from the following logic: "RandomNumberGenerator:rng_inst|Mod7" File: C:/LCDL_project/term_project/RandomNumberGenerator/RandomNumberGenerator.v Line: 57
    Info (278004): Inferred divider/modulo megafunction ("lpm_divide") from the following logic: "RandomNumberGenerator:rng_inst|Mod8" File: C:/LCDL_project/term_project/RandomNumberGenerator/RandomNumberGenerator.v Line: 59
    Info (278004): Inferred divider/modulo megafunction ("lpm_divide") from the following logic: "RandomNumberGenerator:rng_inst|Mod9" File: C:/LCDL_project/term_project/RandomNumberGenerator/RandomNumberGenerator.v Line: 61
Info (12130): Elaborated megafunction instantiation "RandomNumberGenerator:rng_inst|lpm_divide:Mod0" File: C:/LCDL_project/term_project/RandomNumberGenerator/RandomNumberGenerator.v Line: 40
Info (12133): Instantiated megafunction "RandomNumberGenerator:rng_inst|lpm_divide:Mod0" with the following parameter: File: C:/LCDL_project/term_project/RandomNumberGenerator/RandomNumberGenerator.v Line: 40
    Info (12134): Parameter "LPM_WIDTHN" = "4"
    Info (12134): Parameter "LPM_WIDTHD" = "4"
    Info (12134): Parameter "LPM_NREPRESENTATION" = "UNSIGNED"
    Info (12134): Parameter "LPM_DREPRESENTATION" = "UNSIGNED"
Info (12021): Found 1 design units, including 1 entities, in source file db/lpm_divide_42m.tdf
    Info (12023): Found entity 1: lpm_divide_42m File: C:/LCDL_project/term_project/Password/db/lpm_divide_42m.tdf Line: 25
Info (12021): Found 1 design units, including 1 entities, in source file db/sign_div_unsign_7kh.tdf
    Info (12023): Found entity 1: sign_div_unsign_7kh File: C:/LCDL_project/term_project/Password/db/sign_div_unsign_7kh.tdf Line: 25
Info (12021): Found 1 design units, including 1 entities, in source file db/alt_u_div_kse.tdf
    Info (12023): Found entity 1: alt_u_div_kse File: C:/LCDL_project/term_project/Password/db/alt_u_div_kse.tdf Line: 23
Info (12130): Elaborated megafunction instantiation "RandomNumberGenerator:rng_inst|lpm_divide:Mod2" File: C:/LCDL_project/term_project/RandomNumberGenerator/RandomNumberGenerator.v Line: 45
Info (12133): Instantiated megafunction "RandomNumberGenerator:rng_inst|lpm_divide:Mod2" with the following parameter: File: C:/LCDL_project/term_project/RandomNumberGenerator/RandomNumberGenerator.v Line: 45
    Info (12134): Parameter "LPM_WIDTHN" = "5"
    Info (12134): Parameter "LPM_WIDTHD" = "4"
    Info (12134): Parameter "LPM_NREPRESENTATION" = "UNSIGNED"
    Info (12134): Parameter "LPM_DREPRESENTATION" = "UNSIGNED"
Info (12021): Found 1 design units, including 1 entities, in source file db/lpm_divide_52m.tdf
    Info (12023): Found entity 1: lpm_divide_52m File: C:/LCDL_project/term_project/Password/db/lpm_divide_52m.tdf Line: 25
Info (12021): Found 1 design units, including 1 entities, in source file db/sign_div_unsign_8kh.tdf
    Info (12023): Found entity 1: sign_div_unsign_8kh File: C:/LCDL_project/term_project/Password/db/sign_div_unsign_8kh.tdf Line: 25
Info (12021): Found 1 design units, including 1 entities, in source file db/alt_u_div_mse.tdf
    Info (12023): Found entity 1: alt_u_div_mse File: C:/LCDL_project/term_project/Password/db/alt_u_div_mse.tdf Line: 23
Info (286030): Timing-Driven Synthesis is running
Info (144001): Generated suppressed messages file C:/LCDL_project/term_project/Password/output_files/Password.map.smsg
Info (16010): Generating hard_block partition "hard_block:auto_generated_inst"
    Info (16011): Adding 0 node(s), including 0 DDIO, 0 PLL, 0 transceiver and 0 LCELL
Info (21057): Implemented 386 device resources after synthesis - the final resource count might be different
    Info (21058): Implemented 20 input pins
    Info (21059): Implemented 23 output pins
    Info (21061): Implemented 343 logic cells
Info: Quartus Prime Analysis & Synthesis was successful. 0 errors, 13 warnings
    Info: Peak virtual memory: 4832 megabytes
    Info: Processing ended: Thu Dec 05 21:41:25 2024
    Info: Elapsed time: 00:00:09
    Info: Total CPU time (on all processors): 00:00:10


+------------------------------------------+
; Analysis & Synthesis Suppressed Messages ;
+------------------------------------------+
The suppressed messages can be found in C:/LCDL_project/term_project/Password/output_files/Password.map.smsg.


