Analysis & Synthesis report for RandomNumberGenerator
Thu Dec 05 21:48:54 2024
Quartus Prime Version 20.1.1 Build 720 11/11/2020 SJ Lite Edition


---------------------
; Table of Contents ;
---------------------
  1. Legal Notice
  2. Analysis & Synthesis Summary
  3. Analysis & Synthesis Settings
  4. Parallel Compilation
  5. Analysis & Synthesis Source Files Read
  6. Analysis & Synthesis Resource Usage Summary
  7. Analysis & Synthesis Resource Utilization by Entity
  8. Registers Removed During Synthesis
  9. General Register Statistics
 10. Inverted Register Statistics
 11. Multiplexer Restructuring Statistics (Restructuring Performed)
 12. Parameter Settings for Inferred Entity Instance: lpm_divide:Mod0
 13. Parameter Settings for Inferred Entity Instance: lpm_divide:Mod1
 14. Parameter Settings for Inferred Entity Instance: lpm_divide:Mod2
 15. Post-Synthesis Netlist Statistics for Top Partition
 16. Elapsed Time Per Partition
 17. Analysis & Synthesis Messages
 18. Analysis & Synthesis Suppressed Messages



----------------
; Legal Notice ;
----------------
Copyright (C) 2020  Intel Corporation. All rights reserved.
Your use of Intel Corporation's design tools, logic functions 
and other software and tools, and any partner logic 
functions, and any output files from any of the foregoing 
(including device programming or simulation files), and any 
associated documentation or information are expressly subject 
to the terms and conditions of the Intel Program License 
Subscription Agreement, the Intel Quartus Prime License Agreement,
the Intel FPGA IP License Agreement, or other applicable license
agreement, including, without limitation, that your use is for
the sole purpose of programming logic devices manufactured by
Intel and sold by Intel or its authorized distributors.  Please
refer to the applicable agreement for further details, at
https://fpgasoftware.intel.com/eula.



+-------------------------------------------------------------------------------+
; Analysis & Synthesis Summary                                                  ;
+---------------------------------+---------------------------------------------+
; Analysis & Synthesis Status     ; Successful - Thu Dec 05 21:48:54 2024       ;
; Quartus Prime Version           ; 20.1.1 Build 720 11/11/2020 SJ Lite Edition ;
; Revision Name                   ; RandomNumberGenerator                       ;
; Top-level Entity Name           ; RandomNumberGenerator                       ;
; Family                          ; Cyclone V                                   ;
; Logic utilization (in ALMs)     ; N/A                                         ;
; Total registers                 ; 66                                          ;
; Total pins                      ; 19                                          ;
; Total virtual pins              ; 0                                           ;
; Total block memory bits         ; 0                                           ;
; Total DSP Blocks                ; 0                                           ;
; Total HSSI RX PCSs              ; 0                                           ;
; Total HSSI PMA RX Deserializers ; 0                                           ;
; Total HSSI TX PCSs              ; 0                                           ;
; Total HSSI PMA TX Serializers   ; 0                                           ;
; Total PLLs                      ; 0                                           ;
; Total DLLs                      ; 0                                           ;
+---------------------------------+---------------------------------------------+


+---------------------------------------------------------------------------------------------------------------------------------+
; Analysis & Synthesis Settings                                                                                                   ;
+---------------------------------------------------------------------------------+-----------------------+-----------------------+
; Option                                                                          ; Setting               ; Default Value         ;
+---------------------------------------------------------------------------------+-----------------------+-----------------------+
; Device                                                                          ; 5CGXFC7C7F23C8        ;                       ;
; Top-level entity name                                                           ; RandomNumberGenerator ; RandomNumberGenerator ;
; Family name                                                                     ; Cyclone V             ; Cyclone V             ;
; Use smart compilation                                                           ; Off                   ; Off                   ;
; Enable parallel Assembler and Timing Analyzer during compilation                ; On                    ; On                    ;
; Enable compact report table                                                     ; Off                   ; Off                   ;
; Restructure Multiplexers                                                        ; Auto                  ; Auto                  ;
; MLAB Add Timing Constraints For Mixed-Port Feed-Through Mode Setting Don't Care ; Off                   ; Off                   ;
; Create Debugging Nodes for IP Cores                                             ; Off                   ; Off                   ;
; Preserve fewer node names                                                       ; On                    ; On                    ;
; Intel FPGA IP Evaluation Mode                                                   ; Enable                ; Enable                ;
; Verilog Version                                                                 ; Verilog_2001          ; Verilog_2001          ;
; VHDL Version                                                                    ; VHDL_1993             ; VHDL_1993             ;
; State Machine Processing                                                        ; Auto                  ; Auto                  ;
; Safe State Machine                                                              ; Off                   ; Off                   ;
; Extract Verilog State Machines                                                  ; On                    ; On                    ;
; Extract VHDL State Machines                                                     ; On                    ; On                    ;
; Ignore Verilog initial constructs                                               ; Off                   ; Off                   ;
; Iteration limit for constant Verilog loops                                      ; 5000                  ; 5000                  ;
; Iteration limit for non-constant Verilog loops                                  ; 250                   ; 250                   ;
; Add Pass-Through Logic to Inferred RAMs                                         ; On                    ; On                    ;
; Infer RAMs from Raw Logic                                                       ; On                    ; On                    ;
; Parallel Synthesis                                                              ; On                    ; On                    ;
; DSP Block Balancing                                                             ; Auto                  ; Auto                  ;
; NOT Gate Push-Back                                                              ; On                    ; On                    ;
; Power-Up Don't Care                                                             ; On                    ; On                    ;
; Remove Redundant Logic Cells                                                    ; Off                   ; Off                   ;
; Remove Duplicate Registers                                                      ; On                    ; On                    ;
; Ignore CARRY Buffers                                                            ; Off                   ; Off                   ;
; Ignore CASCADE Buffers                                                          ; Off                   ; Off                   ;
; Ignore GLOBAL Buffers                                                           ; Off                   ; Off                   ;
; Ignore ROW GLOBAL Buffers                                                       ; Off                   ; Off                   ;
; Ignore LCELL Buffers                                                            ; Off                   ; Off                   ;
; Ignore SOFT Buffers                                                             ; On                    ; On                    ;
; Limit AHDL Integers to 32 Bits                                                  ; Off                   ; Off                   ;
; Optimization Technique                                                          ; Balanced              ; Balanced              ;
; Carry Chain Length                                                              ; 70                    ; 70                    ;
; Auto Carry Chains                                                               ; On                    ; On                    ;
; Auto Open-Drain Pins                                                            ; On                    ; On                    ;
; Perform WYSIWYG Primitive Resynthesis                                           ; Off                   ; Off                   ;
; Auto ROM Replacement                                                            ; On                    ; On                    ;
; Auto RAM Replacement                                                            ; On                    ; On                    ;
; Auto DSP Block Replacement                                                      ; On                    ; On                    ;
; Auto Shift Register Replacement                                                 ; Auto                  ; Auto                  ;
; Allow Shift Register Merging across Hierarchies                                 ; Auto                  ; Auto                  ;
; Auto Clock Enable Replacement                                                   ; On                    ; On                    ;
; Strict RAM Replacement                                                          ; Off                   ; Off                   ;
; Allow Synchronous Control Signals                                               ; On                    ; On                    ;
; Force Use of Synchronous Clear Signals                                          ; Off                   ; Off                   ;
; Auto Resource Sharing                                                           ; Off                   ; Off                   ;
; Allow Any RAM Size For Recognition                                              ; Off                   ; Off                   ;
; Allow Any ROM Size For Recognition                                              ; Off                   ; Off                   ;
; Allow Any Shift Register Size For Recognition                                   ; Off                   ; Off                   ;
; Use LogicLock Constraints during Resource Balancing                             ; On                    ; On                    ;
; Ignore translate_off and synthesis_off directives                               ; Off                   ; Off                   ;
; Timing-Driven Synthesis                                                         ; On                    ; On                    ;
; Report Parameter Settings                                                       ; On                    ; On                    ;
; Report Source Assignments                                                       ; On                    ; On                    ;
; Report Connectivity Checks                                                      ; On                    ; On                    ;
; Ignore Maximum Fan-Out Assignments                                              ; Off                   ; Off                   ;
; Synchronization Register Chain Length                                           ; 3                     ; 3                     ;
; Power Optimization During Synthesis                                             ; Normal compilation    ; Normal compilation    ;
; HDL message level                                                               ; Level2                ; Level2                ;
; Suppress Register Optimization Related Messages                                 ; Off                   ; Off                   ;
; Number of Removed Registers Reported in Synthesis Report                        ; 5000                  ; 5000                  ;
; Number of Swept Nodes Reported in Synthesis Report                              ; 5000                  ; 5000                  ;
; Number of Inverted Registers Reported in Synthesis Report                       ; 100                   ; 100                   ;
; Clock MUX Protection                                                            ; On                    ; On                    ;
; Auto Gated Clock Conversion                                                     ; Off                   ; Off                   ;
; Block Design Naming                                                             ; Auto                  ; Auto                  ;
; SDC constraint protection                                                       ; Off                   ; Off                   ;
; Synthesis Effort                                                                ; Auto                  ; Auto                  ;
; Shift Register Replacement - Allow Asynchronous Clear Signal                    ; On                    ; On                    ;
; Pre-Mapping Resynthesis Optimization                                            ; Off                   ; Off                   ;
; Analysis & Synthesis Message Level                                              ; Medium                ; Medium                ;
; Disable Register Merging Across Hierarchies                                     ; Auto                  ; Auto                  ;
; Resource Aware Inference For Block RAM                                          ; On                    ; On                    ;
; Automatic Parallel Synthesis                                                    ; On                    ; On                    ;
; Partial Reconfiguration Bitstream ID                                            ; Off                   ; Off                   ;
+---------------------------------------------------------------------------------+-----------------------+-----------------------+


+------------------------------------------+
; Parallel Compilation                     ;
+----------------------------+-------------+
; Processors                 ; Number      ;
+----------------------------+-------------+
; Number detected on machine ; 8           ;
; Maximum allowed            ; 4           ;
;                            ;             ;
; Average used               ; 1.00        ;
; Maximum used               ; 4           ;
;                            ;             ;
; Usage by Processor         ; % Time Used ;
;     Processor 1            ; 100.0%      ;
;     Processors 2-4         ;   0.0%      ;
+----------------------------+-------------+


+-----------------------------------------------------------------------------------------------------------------------------------------------------------------------------+
; Analysis & Synthesis Source Files Read                                                                                                                                      ;
+----------------------------------+-----------------+------------------------------+-------------------------------------------------------------------------------+---------+
; File Name with User-Entered Path ; Used in Netlist ; File Type                    ; File Name with Absolute Path                                                  ; Library ;
+----------------------------------+-----------------+------------------------------+-------------------------------------------------------------------------------+---------+
; RandomNumberGenerator.v          ; yes             ; User Verilog HDL File        ; C:/LCDL_project/term_project/RandomNumberGenerator/RandomNumberGenerator.v    ;         ;
; lpm_divide.tdf                   ; yes             ; Megafunction                 ; c:/intelfpga_lite/20.1/quartus/libraries/megafunctions/lpm_divide.tdf         ;         ;
; abs_divider.inc                  ; yes             ; Megafunction                 ; c:/intelfpga_lite/20.1/quartus/libraries/megafunctions/abs_divider.inc        ;         ;
; sign_div_unsign.inc              ; yes             ; Megafunction                 ; c:/intelfpga_lite/20.1/quartus/libraries/megafunctions/sign_div_unsign.inc    ;         ;
; aglobal201.inc                   ; yes             ; Megafunction                 ; c:/intelfpga_lite/20.1/quartus/libraries/megafunctions/aglobal201.inc         ;         ;
; db/lpm_divide_42m.tdf            ; yes             ; Auto-Generated Megafunction  ; C:/LCDL_project/term_project/RandomNumberGenerator/db/lpm_divide_42m.tdf      ;         ;
; db/sign_div_unsign_7kh.tdf       ; yes             ; Auto-Generated Megafunction  ; C:/LCDL_project/term_project/RandomNumberGenerator/db/sign_div_unsign_7kh.tdf ;         ;
; db/alt_u_div_kse.tdf             ; yes             ; Auto-Generated Megafunction  ; C:/LCDL_project/term_project/RandomNumberGenerator/db/alt_u_div_kse.tdf       ;         ;
; db/lpm_divide_32m.tdf            ; yes             ; Auto-Generated Megafunction  ; C:/LCDL_project/term_project/RandomNumberGenerator/db/lpm_divide_32m.tdf      ;         ;
; db/sign_div_unsign_6kh.tdf       ; yes             ; Auto-Generated Megafunction  ; C:/LCDL_project/term_project/RandomNumberGenerator/db/sign_div_unsign_6kh.tdf ;         ;
; db/alt_u_div_ise.tdf             ; yes             ; Auto-Generated Megafunction  ; C:/LCDL_project/term_project/RandomNumberGenerator/db/alt_u_div_ise.tdf       ;         ;
+----------------------------------+-----------------+------------------------------+-------------------------------------------------------------------------------+---------+


+---------------------------------------------------------+
; Analysis & Synthesis Resource Usage Summary             ;
+---------------------------------------------+-----------+
; Resource                                    ; Usage     ;
+---------------------------------------------+-----------+
; Estimate of Logic utilization (ALMs needed) ; 149       ;
;                                             ;           ;
; Combinational ALUT usage for logic          ; 215       ;
;     -- 7 input functions                    ; 2         ;
;     -- 6 input functions                    ; 80        ;
;     -- 5 input functions                    ; 48        ;
;     -- 4 input functions                    ; 23        ;
;     -- <=3 input functions                  ; 62        ;
;                                             ;           ;
; Dedicated logic registers                   ; 66        ;
;                                             ;           ;
; I/O pins                                    ; 19        ;
;                                             ;           ;
; Total DSP Blocks                            ; 0         ;
;                                             ;           ;
; Maximum fan-out node                        ; clk~input ;
; Maximum fan-out                             ; 66        ;
; Total fan-out                               ; 1248      ;
; Average fan-out                             ; 3.91      ;
+---------------------------------------------+-----------+


+-----------------------------------------------------------------------------------------------------------------------------------------------------------------------------------------------------------------------------------------------------------------------------------------------------------------+
; Analysis & Synthesis Resource Utilization by Entity                                                                                                                                                                                                                                                             ;
+----------------------------------------+---------------------+---------------------------+-------------------+------------+------+--------------+------------------------------------------------------------------------------------------------------------------------+-----------------------+--------------+
; Compilation Hierarchy Node             ; Combinational ALUTs ; Dedicated Logic Registers ; Block Memory Bits ; DSP Blocks ; Pins ; Virtual Pins ; Full Hierarchy Name                                                                                                    ; Entity Name           ; Library Name ;
+----------------------------------------+---------------------+---------------------------+-------------------+------------+------+--------------+------------------------------------------------------------------------------------------------------------------------+-----------------------+--------------+
; |RandomNumberGenerator                 ; 215 (187)           ; 66 (66)                   ; 0                 ; 0          ; 19   ; 0            ; |RandomNumberGenerator                                                                                                 ; RandomNumberGenerator ; work         ;
;    |lpm_divide:Mod0|                   ; 6 (0)               ; 0 (0)                     ; 0                 ; 0          ; 0    ; 0            ; |RandomNumberGenerator|lpm_divide:Mod0                                                                                 ; lpm_divide            ; work         ;
;       |lpm_divide_42m:auto_generated|  ; 6 (0)               ; 0 (0)                     ; 0                 ; 0          ; 0    ; 0            ; |RandomNumberGenerator|lpm_divide:Mod0|lpm_divide_42m:auto_generated                                                   ; lpm_divide_42m        ; work         ;
;          |sign_div_unsign_7kh:divider| ; 6 (0)               ; 0 (0)                     ; 0                 ; 0          ; 0    ; 0            ; |RandomNumberGenerator|lpm_divide:Mod0|lpm_divide_42m:auto_generated|sign_div_unsign_7kh:divider                       ; sign_div_unsign_7kh   ; work         ;
;             |alt_u_div_kse:divider|    ; 6 (6)               ; 0 (0)                     ; 0                 ; 0          ; 0    ; 0            ; |RandomNumberGenerator|lpm_divide:Mod0|lpm_divide_42m:auto_generated|sign_div_unsign_7kh:divider|alt_u_div_kse:divider ; alt_u_div_kse         ; work         ;
;    |lpm_divide:Mod1|                   ; 8 (0)               ; 0 (0)                     ; 0                 ; 0          ; 0    ; 0            ; |RandomNumberGenerator|lpm_divide:Mod1                                                                                 ; lpm_divide            ; work         ;
;       |lpm_divide_42m:auto_generated|  ; 8 (0)               ; 0 (0)                     ; 0                 ; 0          ; 0    ; 0            ; |RandomNumberGenerator|lpm_divide:Mod1|lpm_divide_42m:auto_generated                                                   ; lpm_divide_42m        ; work         ;
;          |sign_div_unsign_7kh:divider| ; 8 (0)               ; 0 (0)                     ; 0                 ; 0          ; 0    ; 0            ; |RandomNumberGenerator|lpm_divide:Mod1|lpm_divide_42m:auto_generated|sign_div_unsign_7kh:divider                       ; sign_div_unsign_7kh   ; work         ;
;             |alt_u_div_kse:divider|    ; 8 (8)               ; 0 (0)                     ; 0                 ; 0          ; 0    ; 0            ; |RandomNumberGenerator|lpm_divide:Mod1|lpm_divide_42m:auto_generated|sign_div_unsign_7kh:divider|alt_u_div_kse:divider ; alt_u_div_kse         ; work         ;
;    |lpm_divide:Mod2|                   ; 14 (0)              ; 0 (0)                     ; 0                 ; 0          ; 0    ; 0            ; |RandomNumberGenerator|lpm_divide:Mod2                                                                                 ; lpm_divide            ; work         ;
;       |lpm_divide_32m:auto_generated|  ; 14 (0)              ; 0 (0)                     ; 0                 ; 0          ; 0    ; 0            ; |RandomNumberGenerator|lpm_divide:Mod2|lpm_divide_32m:auto_generated                                                   ; lpm_divide_32m        ; work         ;
;          |sign_div_unsign_6kh:divider| ; 14 (0)              ; 0 (0)                     ; 0                 ; 0          ; 0    ; 0            ; |RandomNumberGenerator|lpm_divide:Mod2|lpm_divide_32m:auto_generated|sign_div_unsign_6kh:divider                       ; sign_div_unsign_6kh   ; work         ;
;             |alt_u_div_ise:divider|    ; 14 (14)             ; 0 (0)                     ; 0                 ; 0          ; 0    ; 0            ; |RandomNumberGenerator|lpm_divide:Mod2|lpm_divide_32m:auto_generated|sign_div_unsign_6kh:divider|alt_u_div_ise:divider ; alt_u_div_ise         ; work         ;
+----------------------------------------+---------------------+---------------------------+-------------------+------------+------+--------------+------------------------------------------------------------------------------------------------------------------------+-----------------------+--------------+
Note: For table entries with two numbers listed, the numbers in parentheses indicate the number of resources of the given type used by the specific entity alone. The numbers listed outside of parentheses indicate the total resources of the given type used by the specific entity and all of its sub-entities in the hierarchy.


+----------------------------------------------------------------------------+
; Registers Removed During Synthesis                                         ;
+---------------------------------------+------------------------------------+
; Register name                         ; Reason for Removal                 ;
+---------------------------------------+------------------------------------+
; available_digits[0][2]                ; Merged with available_digits[0][1] ;
; available_digits[1][2]                ; Merged with available_digits[1][1] ;
; available_digits[6][2]                ; Merged with available_digits[6][1] ;
; available_digits[7][2]                ; Merged with available_digits[7][1] ;
; available_digits[8][2]                ; Merged with available_digits[8][1] ;
; available_digits[9][2]                ; Merged with available_digits[9][1] ;
; Total Number of Removed Registers = 6 ;                                    ;
+---------------------------------------+------------------------------------+


+------------------------------------------------------+
; General Register Statistics                          ;
+----------------------------------------------+-------+
; Statistic                                    ; Value ;
+----------------------------------------------+-------+
; Total registers                              ; 66    ;
; Number of registers using Synchronous Clear  ; 0     ;
; Number of registers using Synchronous Load   ; 0     ;
; Number of registers using Asynchronous Clear ; 66    ;
; Number of registers using Asynchronous Load  ; 0     ;
; Number of registers using Clock Enable       ; 50    ;
; Number of registers using Preset             ; 0     ;
+----------------------------------------------+-------+


+---------------------------------------------------+
; Inverted Register Statistics                      ;
+-----------------------------------------+---------+
; Inverted Register                       ; Fan out ;
+-----------------------------------------+---------+
; available_digits[1][0]                  ; 2       ;
; available_digits[3][0]                  ; 2       ;
; rnd_internal[0]                         ; 11      ;
; available_digits[5][0]                  ; 2       ;
; available_digits[7][0]                  ; 2       ;
; available_digits[9][0]                  ; 13      ;
; available_digits[6][1]                  ; 4       ;
; available_digits[7][1]                  ; 4       ;
; available_digits[2][1]                  ; 2       ;
; available_digits[3][1]                  ; 2       ;
; available_digits[4][2]                  ; 2       ;
; available_digits[5][2]                  ; 2       ;
; available_digits[8][3]                  ; 1       ;
; available_digits[9][3]                  ; 12      ;
; rnd_internal[5]                         ; 3       ;
; rnd_internal[6]                         ; 5       ;
; rnd_internal[7]                         ; 3       ;
; rnd_internal[10]                        ; 6       ;
; rnd_internal[13]                        ; 5       ;
; rnd_internal[15]                        ; 3       ;
; rnd_internal[11]                        ; 1       ;
; Total number of inverted registers = 21 ;         ;
+-----------------------------------------+---------+


+-------------------------------------------------------------------------------------------------------------------------------------------------------------+
; Multiplexer Restructuring Statistics (Restructuring Performed)                                                                                              ;
+--------------------+-----------+---------------+----------------------+------------------------+------------+-----------------------------------------------+
; Multiplexer Inputs ; Bus Width ; Baseline Area ; Area if Restructured ; Saving if Restructured ; Registered ; Example Multiplexer Output                    ;
+--------------------+-----------+---------------+----------------------+------------------------+------------+-----------------------------------------------+
; 8:1                ; 2 bits    ; 10 LEs        ; 10 LEs               ; 0 LEs                  ; Yes        ; |RandomNumberGenerator|rnd[12]~reg0           ;
; 6:1                ; 2 bits    ; 8 LEs         ; 8 LEs                ; 0 LEs                  ; Yes        ; |RandomNumberGenerator|rnd[14]~reg0           ;
; 3:1                ; 2 bits    ; 4 LEs         ; 4 LEs                ; 0 LEs                  ; Yes        ; |RandomNumberGenerator|available_digits[9][0] ;
; 8:1                ; 2 bits    ; 10 LEs        ; 10 LEs               ; 0 LEs                  ; No         ; |RandomNumberGenerator|Mux8                   ;
; 10:1               ; 2 bits    ; 12 LEs        ; 12 LEs               ; 0 LEs                  ; No         ; |RandomNumberGenerator|Mux3                   ;
; 10:1               ; 2 bits    ; 12 LEs        ; 12 LEs               ; 0 LEs                  ; No         ; |RandomNumberGenerator|Mux4                   ;
; 6:1                ; 2 bits    ; 8 LEs         ; 8 LEs                ; 0 LEs                  ; No         ; |RandomNumberGenerator|Mux10                  ;
; 7:1                ; 2 bits    ; 8 LEs         ; 8 LEs                ; 0 LEs                  ; No         ; |RandomNumberGenerator|Mux1                   ;
; 7:1                ; 2 bits    ; 8 LEs         ; 8 LEs                ; 0 LEs                  ; No         ; |RandomNumberGenerator|Mux6                   ;
+--------------------+-----------+---------------+----------------------+------------------------+------------+-----------------------------------------------+


+------------------------------------------------------------------+
; Parameter Settings for Inferred Entity Instance: lpm_divide:Mod0 ;
+------------------------+----------------+------------------------+
; Parameter Name         ; Value          ; Type                   ;
+------------------------+----------------+------------------------+
; LPM_WIDTHN             ; 4              ; Untyped                ;
; LPM_WIDTHD             ; 4              ; Untyped                ;
; LPM_NREPRESENTATION    ; UNSIGNED       ; Untyped                ;
; LPM_DREPRESENTATION    ; UNSIGNED       ; Untyped                ;
; LPM_PIPELINE           ; 0              ; Untyped                ;
; LPM_REMAINDERPOSITIVE  ; TRUE           ; Untyped                ;
; MAXIMIZE_SPEED         ; 5              ; Untyped                ;
; CBXI_PARAMETER         ; lpm_divide_42m ; Untyped                ;
; CARRY_CHAIN            ; MANUAL         ; Untyped                ;
; OPTIMIZE_FOR_SPEED     ; 5              ; Untyped                ;
; AUTO_CARRY_CHAINS      ; ON             ; AUTO_CARRY             ;
; IGNORE_CARRY_BUFFERS   ; OFF            ; IGNORE_CARRY           ;
; AUTO_CASCADE_CHAINS    ; ON             ; AUTO_CASCADE           ;
; IGNORE_CASCADE_BUFFERS ; OFF            ; IGNORE_CASCADE         ;
+------------------------+----------------+------------------------+
Note: In order to hide this table in the UI and the text report file, please set the "Show Parameter Settings in Synthesis Report" option in "Analysis and Synthesis Settings -> More Settings" to "Off".


+------------------------------------------------------------------+
; Parameter Settings for Inferred Entity Instance: lpm_divide:Mod1 ;
+------------------------+----------------+------------------------+
; Parameter Name         ; Value          ; Type                   ;
+------------------------+----------------+------------------------+
; LPM_WIDTHN             ; 4              ; Untyped                ;
; LPM_WIDTHD             ; 4              ; Untyped                ;
; LPM_NREPRESENTATION    ; UNSIGNED       ; Untyped                ;
; LPM_DREPRESENTATION    ; UNSIGNED       ; Untyped                ;
; LPM_PIPELINE           ; 0              ; Untyped                ;
; LPM_REMAINDERPOSITIVE  ; TRUE           ; Untyped                ;
; MAXIMIZE_SPEED         ; 5              ; Untyped                ;
; CBXI_PARAMETER         ; lpm_divide_42m ; Untyped                ;
; CARRY_CHAIN            ; MANUAL         ; Untyped                ;
; OPTIMIZE_FOR_SPEED     ; 5              ; Untyped                ;
; AUTO_CARRY_CHAINS      ; ON             ; AUTO_CARRY             ;
; IGNORE_CARRY_BUFFERS   ; OFF            ; IGNORE_CARRY           ;
; AUTO_CASCADE_CHAINS    ; ON             ; AUTO_CASCADE           ;
; IGNORE_CASCADE_BUFFERS ; OFF            ; IGNORE_CASCADE         ;
+------------------------+----------------+------------------------+
Note: In order to hide this table in the UI and the text report file, please set the "Show Parameter Settings in Synthesis Report" option in "Analysis and Synthesis Settings -> More Settings" to "Off".


+------------------------------------------------------------------+
; Parameter Settings for Inferred Entity Instance: lpm_divide:Mod2 ;
+------------------------+----------------+------------------------+
; Parameter Name         ; Value          ; Type                   ;
+------------------------+----------------+------------------------+
; LPM_WIDTHN             ; 4              ; Untyped                ;
; LPM_WIDTHD             ; 3              ; Untyped                ;
; LPM_NREPRESENTATION    ; UNSIGNED       ; Untyped                ;
; LPM_DREPRESENTATION    ; UNSIGNED       ; Untyped                ;
; LPM_PIPELINE           ; 0              ; Untyped                ;
; LPM_REMAINDERPOSITIVE  ; TRUE           ; Untyped                ;
; MAXIMIZE_SPEED         ; 5              ; Untyped                ;
; CBXI_PARAMETER         ; lpm_divide_32m ; Untyped                ;
; CARRY_CHAIN            ; MANUAL         ; Untyped                ;
; OPTIMIZE_FOR_SPEED     ; 5              ; Untyped                ;
; AUTO_CARRY_CHAINS      ; ON             ; AUTO_CARRY             ;
; IGNORE_CARRY_BUFFERS   ; OFF            ; IGNORE_CARRY           ;
; AUTO_CASCADE_CHAINS    ; ON             ; AUTO_CASCADE           ;
; IGNORE_CASCADE_BUFFERS ; OFF            ; IGNORE_CASCADE         ;
+------------------------+----------------+------------------------+
Note: In order to hide this table in the UI and the text report file, please set the "Show Parameter Settings in Synthesis Report" option in "Analysis and Synthesis Settings -> More Settings" to "Off".


+-----------------------------------------------------+
; Post-Synthesis Netlist Statistics for Top Partition ;
+-----------------------+-----------------------------+
; Type                  ; Count                       ;
+-----------------------+-----------------------------+
; arriav_ff             ; 66                          ;
;     CLR               ; 16                          ;
;     ENA CLR           ; 50                          ;
; arriav_lcell_comb     ; 215                         ;
;     arith             ; 14                          ;
;         0 data inputs ; 3                           ;
;         1 data inputs ; 8                           ;
;         2 data inputs ; 1                           ;
;         3 data inputs ; 2                           ;
;     extend            ; 2                           ;
;         7 data inputs ; 2                           ;
;     normal            ; 194                         ;
;         1 data inputs ; 8                           ;
;         2 data inputs ; 9                           ;
;         3 data inputs ; 26                          ;
;         4 data inputs ; 23                          ;
;         5 data inputs ; 48                          ;
;         6 data inputs ; 80                          ;
;     shared            ; 5                           ;
;         0 data inputs ; 1                           ;
;         1 data inputs ; 4                           ;
; boundary_port         ; 19                          ;
;                       ;                             ;
; Max LUT depth         ; 13.30                       ;
; Average LUT depth     ; 10.75                       ;
+-----------------------+-----------------------------+


+-------------------------------+
; Elapsed Time Per Partition    ;
+----------------+--------------+
; Partition Name ; Elapsed Time ;
+----------------+--------------+
; Top            ; 00:00:01     ;
+----------------+--------------+


+-------------------------------+
; Analysis & Synthesis Messages ;
+-------------------------------+
Info: *******************************************************************
Info: Running Quartus Prime Analysis & Synthesis
    Info: Version 20.1.1 Build 720 11/11/2020 SJ Lite Edition
    Info: Processing started: Thu Dec 05 21:48:45 2024
Info: Command: quartus_map --read_settings_files=on --write_settings_files=off RandomNumberGenerator -c RandomNumberGenerator
Warning (18236): Number of processors has not been specified which may cause overloading on shared machines.  Set the global assignment NUM_PARALLEL_PROCESSORS in your QSF to an appropriate value for best performance.
Info (20030): Parallel compilation is enabled and will use 4 of the 4 processors detected
Info (12021): Found 1 design units, including 1 entities, in source file randomnumbergenerator.v
    Info (12023): Found entity 1: RandomNumberGenerator File: C:/LCDL_project/term_project/RandomNumberGenerator/RandomNumberGenerator.v Line: 1
Info (12127): Elaborating entity "RandomNumberGenerator" for the top level hierarchy
Warning (10230): Verilog HDL assignment warning at RandomNumberGenerator.v(27): truncated value with size 32 to match size of target (4) File: C:/LCDL_project/term_project/RandomNumberGenerator/RandomNumberGenerator.v Line: 27
Warning (10230): Verilog HDL assignment warning at RandomNumberGenerator.v(32): truncated value with size 32 to match size of target (4) File: C:/LCDL_project/term_project/RandomNumberGenerator/RandomNumberGenerator.v Line: 32
Warning (10027): Verilog HDL or VHDL warning at the RandomNumberGenerator.v(44): index expression is not wide enough to address all of the elements in the array File: C:/LCDL_project/term_project/RandomNumberGenerator/RandomNumberGenerator.v Line: 44
Warning (10027): Verilog HDL or VHDL warning at the RandomNumberGenerator.v(48): index expression is not wide enough to address all of the elements in the array File: C:/LCDL_project/term_project/RandomNumberGenerator/RandomNumberGenerator.v Line: 48
Info (278001): Inferred 3 megafunctions from design logic
    Info (278004): Inferred divider/modulo megafunction ("lpm_divide") from the following logic: "Mod0" File: C:/LCDL_project/term_project/RandomNumberGenerator/RandomNumberGenerator.v Line: 36
    Info (278004): Inferred divider/modulo megafunction ("lpm_divide") from the following logic: "Mod1" File: C:/LCDL_project/term_project/RandomNumberGenerator/RandomNumberGenerator.v Line: 40
    Info (278004): Inferred divider/modulo megafunction ("lpm_divide") from the following logic: "Mod2" File: C:/LCDL_project/term_project/RandomNumberGenerator/RandomNumberGenerator.v Line: 48
Info (12130): Elaborated megafunction instantiation "lpm_divide:Mod0" File: C:/LCDL_project/term_project/RandomNumberGenerator/RandomNumberGenerator.v Line: 36
Info (12133): Instantiated megafunction "lpm_divide:Mod0" with the following parameter: File: C:/LCDL_project/term_project/RandomNumberGenerator/RandomNumberGenerator.v Line: 36
    Info (12134): Parameter "LPM_WIDTHN" = "4"
    Info (12134): Parameter "LPM_WIDTHD" = "4"
    Info (12134): Parameter "LPM_NREPRESENTATION" = "UNSIGNED"
    Info (12134): Parameter "LPM_DREPRESENTATION" = "UNSIGNED"
Info (12021): Found 1 design units, including 1 entities, in source file db/lpm_divide_42m.tdf
    Info (12023): Found entity 1: lpm_divide_42m File: C:/LCDL_project/term_project/RandomNumberGenerator/db/lpm_divide_42m.tdf Line: 25
Info (12021): Found 1 design units, including 1 entities, in source file db/sign_div_unsign_7kh.tdf
    Info (12023): Found entity 1: sign_div_unsign_7kh File: C:/LCDL_project/term_project/RandomNumberGenerator/db/sign_div_unsign_7kh.tdf Line: 25
Info (12021): Found 1 design units, including 1 entities, in source file db/alt_u_div_kse.tdf
    Info (12023): Found entity 1: alt_u_div_kse File: C:/LCDL_project/term_project/RandomNumberGenerator/db/alt_u_div_kse.tdf Line: 23
Info (12130): Elaborated megafunction instantiation "lpm_divide:Mod1" File: C:/LCDL_project/term_project/RandomNumberGenerator/RandomNumberGenerator.v Line: 40
Info (12133): Instantiated megafunction "lpm_divide:Mod1" with the following parameter: File: C:/LCDL_project/term_project/RandomNumberGenerator/RandomNumberGenerator.v Line: 40
    Info (12134): Parameter "LPM_WIDTHN" = "4"
    Info (12134): Parameter "LPM_WIDTHD" = "4"
    Info (12134): Parameter "LPM_NREPRESENTATION" = "UNSIGNED"
    Info (12134): Parameter "LPM_DREPRESENTATION" = "UNSIGNED"
Info (12130): Elaborated megafunction instantiation "lpm_divide:Mod2" File: C:/LCDL_project/term_project/RandomNumberGenerator/RandomNumberGenerator.v Line: 48
Info (12133): Instantiated megafunction "lpm_divide:Mod2" with the following parameter: File: C:/LCDL_project/term_project/RandomNumberGenerator/RandomNumberGenerator.v Line: 48
    Info (12134): Parameter "LPM_WIDTHN" = "4"
    Info (12134): Parameter "LPM_WIDTHD" = "3"
    Info (12134): Parameter "LPM_NREPRESENTATION" = "UNSIGNED"
    Info (12134): Parameter "LPM_DREPRESENTATION" = "UNSIGNED"
Info (12021): Found 1 design units, including 1 entities, in source file db/lpm_divide_32m.tdf
    Info (12023): Found entity 1: lpm_divide_32m File: C:/LCDL_project/term_project/RandomNumberGenerator/db/lpm_divide_32m.tdf Line: 25
Info (12021): Found 1 design units, including 1 entities, in source file db/sign_div_unsign_6kh.tdf
    Info (12023): Found entity 1: sign_div_unsign_6kh File: C:/LCDL_project/term_project/RandomNumberGenerator/db/sign_div_unsign_6kh.tdf Line: 25
Info (12021): Found 1 design units, including 1 entities, in source file db/alt_u_div_ise.tdf
    Info (12023): Found entity 1: alt_u_div_ise File: C:/LCDL_project/term_project/RandomNumberGenerator/db/alt_u_div_ise.tdf Line: 23
Info (286030): Timing-Driven Synthesis is running
Info (144001): Generated suppressed messages file C:/LCDL_project/term_project/RandomNumberGenerator/output_files/RandomNumberGenerator.map.smsg
Info (16010): Generating hard_block partition "hard_block:auto_generated_inst"
    Info (16011): Adding 0 node(s), including 0 DDIO, 0 PLL, 0 transceiver and 0 LCELL
Info (21057): Implemented 281 device resources after synthesis - the final resource count might be different
    Info (21058): Implemented 3 input pins
    Info (21059): Implemented 16 output pins
    Info (21061): Implemented 262 logic cells
Info: Quartus Prime Analysis & Synthesis was successful. 0 errors, 5 warnings
    Info: Peak virtual memory: 4834 megabytes
    Info: Processing ended: Thu Dec 05 21:48:54 2024
    Info: Elapsed time: 00:00:09
    Info: Total CPU time (on all processors): 00:00:10


+------------------------------------------+
; Analysis & Synthesis Suppressed Messages ;
+------------------------------------------+
The suppressed messages can be found in C:/LCDL_project/term_project/RandomNumberGenerator/output_files/RandomNumberGenerator.map.smsg.


